2018:11:27 09:39:58.871 INFO  --- [main] c.e.demo.SpringVueMallApplication : Starting SpringVueMallApplication on cheongonhong-ui-MacBook-Pro.local with PID 648 (/Users/Sarkh/Documents/Workspace/Spring/spring-vue-mall/target/classes started by Sarkh in /Users/Sarkh/Documents/Workspace/Spring/spring-vue-mall) 
2018:11:27 09:39:58.881 INFO  --- [main] c.e.demo.SpringVueMallApplication : No active profile set, falling back to default profiles: default 
2018:11:27 09:39:59.090 INFO  --- [main] o.s.b.c.e.AnnotationConfigEmbeddedWebApplicationContext : Refreshing org.springframework.boot.context.embedded.AnnotationConfigEmbeddedWebApplicationContext@16d04d3d: startup date [Tue Nov 27 09:39:59 KST 2018]; root of context hierarchy 
2018:11:27 09:40:00.017 INFO  --- [main] o.s.b.c.e.t.TomcatEmbeddedServletContainer : Tomcat initialized with port(s): 8080 (http) 
2018:11:27 09:40:00.037 INFO  --- [main] o.a.catalina.core.StandardService : Starting service [Tomcat] 
2018:11:27 09:40:00.037 INFO  --- [main] o.a.catalina.core.StandardEngine : Starting Servlet Engine: Apache Tomcat/8.5.34 
2018:11:27 09:40:00.095 INFO  --- [localhost-startStop-1] o.a.c.c.C.[Tomcat].[localhost].[/] : Initializing Spring embedded WebApplicationContext 
2018:11:27 09:40:00.096 INFO  --- [localhost-startStop-1] o.s.web.context.ContextLoader : Root WebApplicationContext: initialization completed in 1006 ms 
2018:11:27 09:40:00.233 INFO  --- [localhost-startStop-1] o.s.b.w.s.ServletRegistrationBean : Mapping servlet: 'dispatcherServlet' to [/] 
2018:11:27 09:40:00.235 INFO  --- [localhost-startStop-1] o.s.b.w.s.ServletRegistrationBean : Mapping servlet: 'webServlet' to [/h2-console/*] 
2018:11:27 09:40:00.238 INFO  --- [localhost-startStop-1] o.s.b.w.s.FilterRegistrationBean : Mapping filter: 'characterEncodingFilter' to: [/*] 
2018:11:27 09:40:00.239 INFO  --- [localhost-startStop-1] o.s.b.w.s.FilterRegistrationBean : Mapping filter: 'hiddenHttpMethodFilter' to: [/*] 
2018:11:27 09:40:00.239 INFO  --- [localhost-startStop-1] o.s.b.w.s.FilterRegistrationBean : Mapping filter: 'httpPutFormContentFilter' to: [/*] 
2018:11:27 09:40:00.239 INFO  --- [localhost-startStop-1] o.s.b.w.s.FilterRegistrationBean : Mapping filter: 'requestContextFilter' to: [/*] 
2018:11:27 09:40:00.606 INFO  --- [main] o.s.j.datasource.init.ScriptUtils : Executing SQL script from URL [file:/Users/Sarkh/Documents/Workspace/Spring/spring-vue-mall/target/classes/schema.sql] 
2018:11:27 09:40:00.621 INFO  --- [main] o.s.j.datasource.init.ScriptUtils : Executed SQL script from URL [file:/Users/Sarkh/Documents/Workspace/Spring/spring-vue-mall/target/classes/schema.sql] in 14 ms. 
2018:11:27 09:40:00.935 INFO  --- [main] o.s.w.s.m.m.a.RequestMappingHandlerAdapter : Looking for @ControllerAdvice: org.springframework.boot.context.embedded.AnnotationConfigEmbeddedWebApplicationContext@16d04d3d: startup date [Tue Nov 27 09:39:59 KST 2018]; root of context hierarchy 
2018:11:27 09:40:00.977 INFO  --- [main] o.s.w.s.m.m.a.RequestMappingHandlerMapping : Mapped "{[/login],methods=[POST]}" onto public java.lang.Object com.example.demo.controller.LoginController.postLogin(com.example.demo.dto.User,javax.servlet.http.HttpSession,org.springframework.ui.Model) 
2018:11:27 09:40:00.979 INFO  --- [main] o.s.w.s.m.m.a.RequestMappingHandlerMapping : Mapped "{[/signup],methods=[POST]}" onto public java.lang.Object com.example.demo.controller.SignupController.postSingup(com.example.demo.dto.User,javax.servlet.http.HttpSession,org.springframework.ui.Model) 
2018:11:27 09:40:00.982 INFO  --- [main] o.s.w.s.m.m.a.RequestMappingHandlerMapping : Mapped "{[/error]}" onto public org.springframework.http.ResponseEntity<java.util.Map<java.lang.String, java.lang.Object>> org.springframework.boot.autoconfigure.web.BasicErrorController.error(javax.servlet.http.HttpServletRequest) 
2018:11:27 09:40:00.983 INFO  --- [main] o.s.w.s.m.m.a.RequestMappingHandlerMapping : Mapped "{[/error],produces=[text/html]}" onto public org.springframework.web.servlet.ModelAndView org.springframework.boot.autoconfigure.web.BasicErrorController.errorHtml(javax.servlet.http.HttpServletRequest,javax.servlet.http.HttpServletResponse) 
2018:11:27 09:40:01.015 INFO  --- [main] o.s.w.s.h.SimpleUrlHandlerMapping : Mapped URL path [/webjars/**] onto handler of type [class org.springframework.web.servlet.resource.ResourceHttpRequestHandler] 
2018:11:27 09:40:01.015 INFO  --- [main] o.s.w.s.h.SimpleUrlHandlerMapping : Mapped URL path [/**] onto handler of type [class org.springframework.web.servlet.resource.ResourceHttpRequestHandler] 
2018:11:27 09:40:01.053 INFO  --- [main] o.s.w.s.h.SimpleUrlHandlerMapping : Mapped URL path [/**/favicon.ico] onto handler of type [class org.springframework.web.servlet.resource.ResourceHttpRequestHandler] 
2018:11:27 09:40:01.095 WARN  --- [main] o.s.b.a.t.AbstractTemplateResolverConfiguration : Cannot find template location: classpath:/templates/ (please add some templates or check your Thymeleaf configuration) 
2018:11:27 09:40:01.427 INFO  --- [main] o.s.b.a.w.WebMvcAutoConfiguration$WelcomePageHandlerMapping : Adding welcome page: class path resource [static/index.html] 
2018:11:27 09:40:01.588 INFO  --- [main] o.s.j.e.a.AnnotationMBeanExporter : Registering beans for JMX exposure on startup 
2018:11:27 09:40:01.627 INFO  --- [main] o.s.b.c.e.t.TomcatEmbeddedServletContainer : Tomcat started on port(s): 8080 (http) 
2018:11:27 09:40:01.631 INFO  --- [main] c.e.demo.SpringVueMallApplication : Started SpringVueMallApplication in 3.049 seconds (JVM running for 3.746) 
2018:11:27 09:40:07.641 INFO  --- [http-nio-8080-exec-1] o.a.c.c.C.[Tomcat].[localhost].[/] : Initializing Spring FrameworkServlet 'dispatcherServlet' 
2018:11:27 09:40:07.649 INFO  --- [http-nio-8080-exec-1] o.s.web.servlet.DispatcherServlet : FrameworkServlet 'dispatcherServlet': initialization started 
2018:11:27 09:40:07.721 INFO  --- [http-nio-8080-exec-1] o.s.web.servlet.DispatcherServlet : FrameworkServlet 'dispatcherServlet': initialization completed in 68 ms 
2018:11:27 09:40:21.534 INFO  --- [http-nio-8080-exec-8] jdbc.resultsettable : 
|-----------------|-----------------------------------------------------------------|-----|-----------|-----------------------|
|email            |password                                                         |name |phone      |address                |
|-----------------|-----------------------------------------------------------------|-----|-----------|-----------------------|
|take91@naver.com |14e8e3e4fb2b8c70b53fd1c0bb81b214846e068e9af463682169a8b99ac0a3fc |곤홍 천 |1026750229 |삼성동 주공1차아파트 105동 1002호 |
|-----------------|-----------------------------------------------------------------|-----|-----------|-----------------------|
 
2018:11:27 09:40:21.539 INFO  --- [http-nio-8080-exec-8] jdbc.resultsettable : 
|-----------------|-----------------------------------------------------------------|-----|-----------|-----------------------|
|email            |password                                                         |name |phone      |address                |
|-----------------|-----------------------------------------------------------------|-----|-----------|-----------------------|
|take91@naver.com |14e8e3e4fb2b8c70b53fd1c0bb81b214846e068e9af463682169a8b99ac0a3fc |곤홍 천 |1026750229 |삼성동 주공1차아파트 105동 1002호 |
|-----------------|-----------------------------------------------------------------|-----|-----------|-----------------------|
 
2018:11:27 09:40:21.542 INFO  --- [http-nio-8080-exec-8] jdbc.resultsettable : 
|-----------------|-----------------------------------------------------------------|-----|-----------|-----------------------|
|email            |password                                                         |name |phone      |address                |
|-----------------|-----------------------------------------------------------------|-----|-----------|-----------------------|
|take91@naver.com |14e8e3e4fb2b8c70b53fd1c0bb81b214846e068e9af463682169a8b99ac0a3fc |곤홍 천 |1026750229 |삼성동 주공1차아파트 105동 1002호 |
|-----------------|-----------------------------------------------------------------|-----|-----------|-----------------------|
 
2018:11:27 09:40:21.544 INFO  --- [http-nio-8080-exec-8] jdbc.resultsettable : 
|-----------------|-----------------------------------------------------------------|-----|-----------|-----------------------|
|email            |password                                                         |name |phone      |address                |
|-----------------|-----------------------------------------------------------------|-----|-----------|-----------------------|
|take91@naver.com |14e8e3e4fb2b8c70b53fd1c0bb81b214846e068e9af463682169a8b99ac0a3fc |곤홍 천 |1026750229 |삼성동 주공1차아파트 105동 1002호 |
|-----------------|-----------------------------------------------------------------|-----|-----------|-----------------------|
 
2018:11:27 09:43:44.422 INFO  --- [RMI TCP Connection(2)-127.0.0.1] o.s.b.a.SpringApplicationAdminMXBeanRegistrar$SpringApplicationAdmin : Application shutdown requested. 
2018:11:27 09:43:44.423 INFO  --- [RMI TCP Connection(2)-127.0.0.1] o.s.b.c.e.AnnotationConfigEmbeddedWebApplicationContext : Closing org.springframework.boot.context.embedded.AnnotationConfigEmbeddedWebApplicationContext@16d04d3d: startup date [Tue Nov 27 09:39:59 KST 2018]; root of context hierarchy 
2018:11:27 09:43:44.426 INFO  --- [RMI TCP Connection(2)-127.0.0.1] o.s.j.e.a.AnnotationMBeanExporter : Unregistering JMX-exposed beans on shutdown 
2018:11:27 09:43:46.670 INFO  --- [main] c.e.demo.SpringVueMallApplication : Starting SpringVueMallApplication on cheongonhong-ui-MacBook-Pro.local with PID 712 (/Users/Sarkh/Documents/Workspace/Spring/spring-vue-mall/target/classes started by Sarkh in /Users/Sarkh/Documents/Workspace/Spring/spring-vue-mall) 
2018:11:27 09:43:46.682 INFO  --- [main] c.e.demo.SpringVueMallApplication : No active profile set, falling back to default profiles: default 
2018:11:27 09:43:46.995 INFO  --- [main] o.s.b.c.e.AnnotationConfigEmbeddedWebApplicationContext : Refreshing org.springframework.boot.context.embedded.AnnotationConfigEmbeddedWebApplicationContext@16d04d3d: startup date [Tue Nov 27 09:43:46 KST 2018]; root of context hierarchy 
2018:11:27 09:43:48.236 INFO  --- [main] o.s.b.c.e.t.TomcatEmbeddedServletContainer : Tomcat initialized with port(s): 8080 (http) 
2018:11:27 09:43:48.253 INFO  --- [main] o.a.catalina.core.StandardService : Starting service [Tomcat] 
2018:11:27 09:43:48.253 INFO  --- [main] o.a.catalina.core.StandardEngine : Starting Servlet Engine: Apache Tomcat/8.5.34 
2018:11:27 09:43:48.316 INFO  --- [localhost-startStop-1] o.a.c.c.C.[Tomcat].[localhost].[/] : Initializing Spring embedded WebApplicationContext 
2018:11:27 09:43:48.317 INFO  --- [localhost-startStop-1] o.s.web.context.ContextLoader : Root WebApplicationContext: initialization completed in 1322 ms 
2018:11:27 09:43:48.435 INFO  --- [localhost-startStop-1] o.s.b.w.s.ServletRegistrationBean : Mapping servlet: 'dispatcherServlet' to [/] 
2018:11:27 09:43:48.437 INFO  --- [localhost-startStop-1] o.s.b.w.s.ServletRegistrationBean : Mapping servlet: 'webServlet' to [/h2-console/*] 
2018:11:27 09:43:48.441 INFO  --- [localhost-startStop-1] o.s.b.w.s.FilterRegistrationBean : Mapping filter: 'characterEncodingFilter' to: [/*] 
2018:11:27 09:43:48.444 INFO  --- [localhost-startStop-1] o.s.b.w.s.FilterRegistrationBean : Mapping filter: 'hiddenHttpMethodFilter' to: [/*] 
2018:11:27 09:43:48.444 INFO  --- [localhost-startStop-1] o.s.b.w.s.FilterRegistrationBean : Mapping filter: 'httpPutFormContentFilter' to: [/*] 
2018:11:27 09:43:48.445 INFO  --- [localhost-startStop-1] o.s.b.w.s.FilterRegistrationBean : Mapping filter: 'requestContextFilter' to: [/*] 
2018:11:27 09:43:48.855 INFO  --- [main] o.s.j.datasource.init.ScriptUtils : Executing SQL script from URL [file:/Users/Sarkh/Documents/Workspace/Spring/spring-vue-mall/target/classes/schema.sql] 
2018:11:27 09:43:48.881 INFO  --- [main] o.s.j.datasource.init.ScriptUtils : Executed SQL script from URL [file:/Users/Sarkh/Documents/Workspace/Spring/spring-vue-mall/target/classes/schema.sql] in 23 ms. 
2018:11:27 09:43:49.425 INFO  --- [main] o.s.w.s.m.m.a.RequestMappingHandlerAdapter : Looking for @ControllerAdvice: org.springframework.boot.context.embedded.AnnotationConfigEmbeddedWebApplicationContext@16d04d3d: startup date [Tue Nov 27 09:43:46 KST 2018]; root of context hierarchy 
2018:11:27 09:43:49.503 INFO  --- [main] o.s.w.s.m.m.a.RequestMappingHandlerMapping : Mapped "{[/login],methods=[POST]}" onto public java.lang.Object com.example.demo.controller.LoginController.postLogin(com.example.demo.dto.User,javax.servlet.http.HttpSession,org.springframework.ui.Model) 
2018:11:27 09:43:49.506 INFO  --- [main] o.s.w.s.m.m.a.RequestMappingHandlerMapping : Mapped "{[/signup],methods=[POST]}" onto public java.lang.Object com.example.demo.controller.SignupController.postSingup(com.example.demo.dto.User,javax.servlet.http.HttpSession,org.springframework.ui.Model) 
2018:11:27 09:43:49.515 INFO  --- [main] o.s.w.s.m.m.a.RequestMappingHandlerMapping : Mapped "{[/error]}" onto public org.springframework.http.ResponseEntity<java.util.Map<java.lang.String, java.lang.Object>> org.springframework.boot.autoconfigure.web.BasicErrorController.error(javax.servlet.http.HttpServletRequest) 
2018:11:27 09:43:49.517 INFO  --- [main] o.s.w.s.m.m.a.RequestMappingHandlerMapping : Mapped "{[/error],produces=[text/html]}" onto public org.springframework.web.servlet.ModelAndView org.springframework.boot.autoconfigure.web.BasicErrorController.errorHtml(javax.servlet.http.HttpServletRequest,javax.servlet.http.HttpServletResponse) 
2018:11:27 09:43:49.571 INFO  --- [main] o.s.w.s.h.SimpleUrlHandlerMapping : Mapped URL path [/webjars/**] onto handler of type [class org.springframework.web.servlet.resource.ResourceHttpRequestHandler] 
2018:11:27 09:43:49.572 INFO  --- [main] o.s.w.s.h.SimpleUrlHandlerMapping : Mapped URL path [/**] onto handler of type [class org.springframework.web.servlet.resource.ResourceHttpRequestHandler] 
2018:11:27 09:43:49.641 INFO  --- [main] o.s.w.s.h.SimpleUrlHandlerMapping : Mapped URL path [/**/favicon.ico] onto handler of type [class org.springframework.web.servlet.resource.ResourceHttpRequestHandler] 
2018:11:27 09:43:49.691 WARN  --- [main] o.s.b.a.t.AbstractTemplateResolverConfiguration : Cannot find template location: classpath:/templates/ (please add some templates or check your Thymeleaf configuration) 
2018:11:27 09:43:50.129 INFO  --- [main] o.s.b.a.w.WebMvcAutoConfiguration$WelcomePageHandlerMapping : Adding welcome page: class path resource [static/index.html] 
2018:11:27 09:43:50.320 INFO  --- [main] o.s.j.e.a.AnnotationMBeanExporter : Registering beans for JMX exposure on startup 
2018:11:27 09:43:50.360 INFO  --- [main] o.s.b.c.e.t.TomcatEmbeddedServletContainer : Tomcat started on port(s): 8080 (http) 
2018:11:27 09:43:50.365 INFO  --- [main] c.e.demo.SpringVueMallApplication : Started SpringVueMallApplication in 4.115 seconds (JVM running for 4.979) 
2018:11:27 09:44:00.666 INFO  --- [http-nio-8080-exec-1] o.a.c.c.C.[Tomcat].[localhost].[/] : Initializing Spring FrameworkServlet 'dispatcherServlet' 
2018:11:27 09:44:00.667 INFO  --- [http-nio-8080-exec-1] o.s.web.servlet.DispatcherServlet : FrameworkServlet 'dispatcherServlet': initialization started 
2018:11:27 09:44:00.682 INFO  --- [http-nio-8080-exec-1] o.s.web.servlet.DispatcherServlet : FrameworkServlet 'dispatcherServlet': initialization completed in 14 ms 
2018:11:27 09:44:03.020 INFO  --- [http-nio-8080-exec-2] jdbc.resultsettable : 
|------|-----------------------------------------------------------------|-----|------|--------|
|email |password                                                         |name |phone |address |
|------|-----------------------------------------------------------------|-----|------|--------|
|aa@aa |03ac674216f3e15c761ee1a5e255f067953623c8b388b4459e13f978d7c846f4 |aaa  |aaaa  |aaaaa   |
|------|-----------------------------------------------------------------|-----|------|--------|
 
2018:11:27 09:44:03.024 INFO  --- [http-nio-8080-exec-2] jdbc.resultsettable : 
|------|-----------------------------------------------------------------|-----|------|--------|
|email |password                                                         |name |phone |address |
|------|-----------------------------------------------------------------|-----|------|--------|
|aa@aa |03ac674216f3e15c761ee1a5e255f067953623c8b388b4459e13f978d7c846f4 |aaa  |aaaa  |aaaaa   |
|------|-----------------------------------------------------------------|-----|------|--------|
 
2018:11:27 09:44:03.026 INFO  --- [http-nio-8080-exec-2] jdbc.resultsettable : 
|------|-----------------------------------------------------------------|-----|------|--------|
|email |password                                                         |name |phone |address |
|------|-----------------------------------------------------------------|-----|------|--------|
|aa@aa |03ac674216f3e15c761ee1a5e255f067953623c8b388b4459e13f978d7c846f4 |aaa  |aaaa  |aaaaa   |
|------|-----------------------------------------------------------------|-----|------|--------|
 
2018:11:27 09:44:03.031 INFO  --- [http-nio-8080-exec-2] jdbc.resultsettable : 
|------|-----------------------------------------------------------------|-----|------|--------|
|email |password                                                         |name |phone |address |
|------|-----------------------------------------------------------------|-----|------|--------|
|aa@aa |03ac674216f3e15c761ee1a5e255f067953623c8b388b4459e13f978d7c846f4 |aaa  |aaaa  |aaaaa   |
|------|-----------------------------------------------------------------|-----|------|--------|
 
2018:11:27 09:44:22.959 INFO  --- [RMI TCP Connection(2)-127.0.0.1] o.s.b.a.SpringApplicationAdminMXBeanRegistrar$SpringApplicationAdmin : Application shutdown requested. 
2018:11:27 09:44:22.959 INFO  --- [RMI TCP Connection(2)-127.0.0.1] o.s.b.c.e.AnnotationConfigEmbeddedWebApplicationContext : Closing org.springframework.boot.context.embedded.AnnotationConfigEmbeddedWebApplicationContext@16d04d3d: startup date [Tue Nov 27 09:43:46 KST 2018]; root of context hierarchy 
2018:11:27 09:44:22.962 INFO  --- [RMI TCP Connection(2)-127.0.0.1] o.s.j.e.a.AnnotationMBeanExporter : Unregistering JMX-exposed beans on shutdown 
2018:11:27 09:44:24.907 INFO  --- [main] c.e.demo.SpringVueMallApplication : Starting SpringVueMallApplication on cheongonhong-ui-MacBook-Pro.local with PID 739 (/Users/Sarkh/Documents/Workspace/Spring/spring-vue-mall/target/classes started by Sarkh in /Users/Sarkh/Documents/Workspace/Spring/spring-vue-mall) 
2018:11:27 09:44:24.922 INFO  --- [main] c.e.demo.SpringVueMallApplication : No active profile set, falling back to default profiles: default 
2018:11:27 09:44:25.137 INFO  --- [main] o.s.b.c.e.AnnotationConfigEmbeddedWebApplicationContext : Refreshing org.springframework.boot.context.embedded.AnnotationConfigEmbeddedWebApplicationContext@16d04d3d: startup date [Tue Nov 27 09:44:25 KST 2018]; root of context hierarchy 
2018:11:27 09:44:26.099 INFO  --- [main] o.s.b.c.e.t.TomcatEmbeddedServletContainer : Tomcat initialized with port(s): 8080 (http) 
2018:11:27 09:44:26.117 INFO  --- [main] o.a.catalina.core.StandardService : Starting service [Tomcat] 
2018:11:27 09:44:26.117 INFO  --- [main] o.a.catalina.core.StandardEngine : Starting Servlet Engine: Apache Tomcat/8.5.34 
2018:11:27 09:44:26.179 INFO  --- [localhost-startStop-1] o.a.c.c.C.[Tomcat].[localhost].[/] : Initializing Spring embedded WebApplicationContext 
2018:11:27 09:44:26.180 INFO  --- [localhost-startStop-1] o.s.web.context.ContextLoader : Root WebApplicationContext: initialization completed in 1042 ms 
2018:11:27 09:44:26.302 INFO  --- [localhost-startStop-1] o.s.b.w.s.ServletRegistrationBean : Mapping servlet: 'dispatcherServlet' to [/] 
2018:11:27 09:44:26.304 INFO  --- [localhost-startStop-1] o.s.b.w.s.ServletRegistrationBean : Mapping servlet: 'webServlet' to [/h2-console/*] 
2018:11:27 09:44:26.306 INFO  --- [localhost-startStop-1] o.s.b.w.s.FilterRegistrationBean : Mapping filter: 'characterEncodingFilter' to: [/*] 
2018:11:27 09:44:26.307 INFO  --- [localhost-startStop-1] o.s.b.w.s.FilterRegistrationBean : Mapping filter: 'hiddenHttpMethodFilter' to: [/*] 
2018:11:27 09:44:26.308 INFO  --- [localhost-startStop-1] o.s.b.w.s.FilterRegistrationBean : Mapping filter: 'httpPutFormContentFilter' to: [/*] 
2018:11:27 09:44:26.308 INFO  --- [localhost-startStop-1] o.s.b.w.s.FilterRegistrationBean : Mapping filter: 'requestContextFilter' to: [/*] 
2018:11:27 09:44:26.643 INFO  --- [main] o.s.j.datasource.init.ScriptUtils : Executing SQL script from URL [file:/Users/Sarkh/Documents/Workspace/Spring/spring-vue-mall/target/classes/schema.sql] 
2018:11:27 09:44:26.657 INFO  --- [main] o.s.j.datasource.init.ScriptUtils : Executed SQL script from URL [file:/Users/Sarkh/Documents/Workspace/Spring/spring-vue-mall/target/classes/schema.sql] in 14 ms. 
2018:11:27 09:44:26.971 INFO  --- [main] o.s.w.s.m.m.a.RequestMappingHandlerAdapter : Looking for @ControllerAdvice: org.springframework.boot.context.embedded.AnnotationConfigEmbeddedWebApplicationContext@16d04d3d: startup date [Tue Nov 27 09:44:25 KST 2018]; root of context hierarchy 
2018:11:27 09:44:27.015 INFO  --- [main] o.s.w.s.m.m.a.RequestMappingHandlerMapping : Mapped "{[/login],methods=[POST]}" onto public java.lang.Object com.example.demo.controller.LoginController.postLogin(com.example.demo.dto.User,javax.servlet.http.HttpSession,org.springframework.ui.Model) 
2018:11:27 09:44:27.016 INFO  --- [main] o.s.w.s.m.m.a.RequestMappingHandlerMapping : Mapped "{[/signup],methods=[POST]}" onto public java.lang.Object com.example.demo.controller.SignupController.postSingup(com.example.demo.dto.User,javax.servlet.http.HttpSession,org.springframework.ui.Model) 
2018:11:27 09:44:27.020 INFO  --- [main] o.s.w.s.m.m.a.RequestMappingHandlerMapping : Mapped "{[/error]}" onto public org.springframework.http.ResponseEntity<java.util.Map<java.lang.String, java.lang.Object>> org.springframework.boot.autoconfigure.web.BasicErrorController.error(javax.servlet.http.HttpServletRequest) 
2018:11:27 09:44:27.021 INFO  --- [main] o.s.w.s.m.m.a.RequestMappingHandlerMapping : Mapped "{[/error],produces=[text/html]}" onto public org.springframework.web.servlet.ModelAndView org.springframework.boot.autoconfigure.web.BasicErrorController.errorHtml(javax.servlet.http.HttpServletRequest,javax.servlet.http.HttpServletResponse) 
2018:11:27 09:44:27.055 INFO  --- [main] o.s.w.s.h.SimpleUrlHandlerMapping : Mapped URL path [/webjars/**] onto handler of type [class org.springframework.web.servlet.resource.ResourceHttpRequestHandler] 
2018:11:27 09:44:27.056 INFO  --- [main] o.s.w.s.h.SimpleUrlHandlerMapping : Mapped URL path [/**] onto handler of type [class org.springframework.web.servlet.resource.ResourceHttpRequestHandler] 
2018:11:27 09:44:27.092 INFO  --- [main] o.s.w.s.h.SimpleUrlHandlerMapping : Mapped URL path [/**/favicon.ico] onto handler of type [class org.springframework.web.servlet.resource.ResourceHttpRequestHandler] 
2018:11:27 09:44:27.131 WARN  --- [main] o.s.b.a.t.AbstractTemplateResolverConfiguration : Cannot find template location: classpath:/templates/ (please add some templates or check your Thymeleaf configuration) 
2018:11:27 09:44:27.453 INFO  --- [main] o.s.b.a.w.WebMvcAutoConfiguration$WelcomePageHandlerMapping : Adding welcome page: class path resource [static/index.html] 
2018:11:27 09:44:27.611 INFO  --- [main] o.s.j.e.a.AnnotationMBeanExporter : Registering beans for JMX exposure on startup 
2018:11:27 09:44:27.649 INFO  --- [main] o.s.b.c.e.t.TomcatEmbeddedServletContainer : Tomcat started on port(s): 8080 (http) 
2018:11:27 09:44:27.654 INFO  --- [main] c.e.demo.SpringVueMallApplication : Started SpringVueMallApplication in 3.039 seconds (JVM running for 3.756) 
2018:11:27 09:44:30.064 INFO  --- [http-nio-8080-exec-1] o.a.c.c.C.[Tomcat].[localhost].[/] : Initializing Spring FrameworkServlet 'dispatcherServlet' 
2018:11:27 09:44:30.065 INFO  --- [http-nio-8080-exec-1] o.s.web.servlet.DispatcherServlet : FrameworkServlet 'dispatcherServlet': initialization started 
2018:11:27 09:44:30.082 INFO  --- [http-nio-8080-exec-1] o.s.web.servlet.DispatcherServlet : FrameworkServlet 'dispatcherServlet': initialization completed in 17 ms 
2018:11:27 09:44:43.540 INFO  --- [http-nio-8080-exec-9] jdbc.resultsettable : 
|------|-----------------------------------------------------------------|-----|------|--------|
|email |password                                                         |name |phone |address |
|------|-----------------------------------------------------------------|-----|------|--------|
|aa@aa |03ac674216f3e15c761ee1a5e255f067953623c8b388b4459e13f978d7c846f4 |aaa  |aaaa  |aaaaa   |
|------|-----------------------------------------------------------------|-----|------|--------|
 
2018:11:27 09:44:43.545 INFO  --- [http-nio-8080-exec-9] jdbc.resultsettable : 
|------|-----------------------------------------------------------------|-----|------|--------|
|email |password                                                         |name |phone |address |
|------|-----------------------------------------------------------------|-----|------|--------|
|aa@aa |03ac674216f3e15c761ee1a5e255f067953623c8b388b4459e13f978d7c846f4 |aaa  |aaaa  |aaaaa   |
|------|-----------------------------------------------------------------|-----|------|--------|
 
2018:11:27 09:44:43.548 INFO  --- [http-nio-8080-exec-9] jdbc.resultsettable : 
|------|-----------------------------------------------------------------|-----|------|--------|
|email |password                                                         |name |phone |address |
|------|-----------------------------------------------------------------|-----|------|--------|
|aa@aa |03ac674216f3e15c761ee1a5e255f067953623c8b388b4459e13f978d7c846f4 |aaa  |aaaa  |aaaaa   |
|------|-----------------------------------------------------------------|-----|------|--------|
 
2018:11:27 09:44:43.553 INFO  --- [http-nio-8080-exec-9] jdbc.resultsettable : 
|------|-----------------------------------------------------------------|-----|------|--------|
|email |password                                                         |name |phone |address |
|------|-----------------------------------------------------------------|-----|------|--------|
|aa@aa |03ac674216f3e15c761ee1a5e255f067953623c8b388b4459e13f978d7c846f4 |aaa  |aaaa  |aaaaa   |
|------|-----------------------------------------------------------------|-----|------|--------|
 
2018:11:27 09:47:08.689 ERROR --- [http-nio-8080-exec-10] jdbc.sqlonly :  sun.reflect.NativeMethodAccessorImpl.invoke0(NativeMethodAccessorImpl.java:-2)
10. INSERT INTO USER(EMAIL, PASSWORD, NAME, PHONE, ADDRESS) VALUES('aa@aa', '03ac674216f3e15c761ee1a5e255f067953623c8b388b4459e13f978d7c846f4', 'aaa', 'aaa', 'aaaaaa')
 
org.h2.jdbc.JdbcSQLException: Unique index or primary key violation: "PRIMARY_KEY_2 ON PUBLIC.USER(EMAIL) VALUES ('aa@aa', 1)"; SQL statement:
INSERT INTO USER(EMAIL, PASSWORD, NAME, PHONE, ADDRESS) VALUES(?, ?, ?, ?, ?) [23505-197]
	at org.h2.message.DbException.getJdbcSQLException(DbException.java:357)
	at org.h2.message.DbException.get(DbException.java:179)
	at org.h2.message.DbException.get(DbException.java:155)
	at org.h2.index.BaseIndex.getDuplicateKeyException(BaseIndex.java:101)
	at org.h2.mvstore.db.MVSecondaryIndex.requireUnique(MVSecondaryIndex.java:236)
	at org.h2.mvstore.db.MVSecondaryIndex.add(MVSecondaryIndex.java:202)
	at org.h2.mvstore.db.MVTable.addRow(MVTable.java:732)
	at org.h2.command.dml.Insert.insertRows(Insert.java:182)
	at org.h2.command.dml.Insert.update(Insert.java:134)
	at org.h2.command.CommandContainer.update(CommandContainer.java:102)
	at org.h2.command.Command.executeUpdate(Command.java:261)
	at org.h2.jdbc.JdbcPreparedStatement.execute(JdbcPreparedStatement.java:249)
	at net.sf.log4jdbc.sql.jdbcapi.PreparedStatementSpy.execute(PreparedStatementSpy.java:443)
	at sun.reflect.NativeMethodAccessorImpl.invoke0(Native Method)
	at sun.reflect.NativeMethodAccessorImpl.invoke(NativeMethodAccessorImpl.java:62)
	at sun.reflect.DelegatingMethodAccessorImpl.invoke(DelegatingMethodAccessorImpl.java:43)
	at java.lang.reflect.Method.invoke(Method.java:498)
	at org.apache.tomcat.jdbc.pool.StatementFacade$StatementProxy.invoke(StatementFacade.java:114)
	at com.sun.proxy.$Proxy75.execute(Unknown Source)
	at org.apache.ibatis.executor.statement.PreparedStatementHandler.update(PreparedStatementHandler.java:46)
	at org.apache.ibatis.executor.statement.RoutingStatementHandler.update(RoutingStatementHandler.java:74)
	at org.apache.ibatis.executor.SimpleExecutor.doUpdate(SimpleExecutor.java:50)
	at org.apache.ibatis.executor.BaseExecutor.update(BaseExecutor.java:117)
	at org.apache.ibatis.executor.CachingExecutor.update(CachingExecutor.java:76)
	at org.apache.ibatis.session.defaults.DefaultSqlSession.update(DefaultSqlSession.java:198)
	at org.apache.ibatis.session.defaults.DefaultSqlSession.insert(DefaultSqlSession.java:185)
	at sun.reflect.NativeMethodAccessorImpl.invoke0(Native Method)
	at sun.reflect.NativeMethodAccessorImpl.invoke(NativeMethodAccessorImpl.java:62)
	at sun.reflect.DelegatingMethodAccessorImpl.invoke(DelegatingMethodAccessorImpl.java:43)
	at java.lang.reflect.Method.invoke(Method.java:498)
	at org.mybatis.spring.SqlSessionTemplate$SqlSessionInterceptor.invoke(SqlSessionTemplate.java:433)
	at com.sun.proxy.$Proxy63.insert(Unknown Source)
	at org.mybatis.spring.SqlSessionTemplate.insert(SqlSessionTemplate.java:278)
	at org.apache.ibatis.binding.MapperMethod.execute(MapperMethod.java:58)
	at org.apache.ibatis.binding.MapperProxy.invoke(MapperProxy.java:59)
	at com.sun.proxy.$Proxy64.insert(Unknown Source)
	at com.example.demo.controller.SignupController.postSingup(SignupController.java:27)
	at sun.reflect.NativeMethodAccessorImpl.invoke0(Native Method)
	at sun.reflect.NativeMethodAccessorImpl.invoke(NativeMethodAccessorImpl.java:62)
	at sun.reflect.DelegatingMethodAccessorImpl.invoke(DelegatingMethodAccessorImpl.java:43)
	at java.lang.reflect.Method.invoke(Method.java:498)
	at org.springframework.web.method.support.InvocableHandlerMethod.doInvoke(InvocableHandlerMethod.java:205)
	at org.springframework.web.method.support.InvocableHandlerMethod.invokeForRequest(InvocableHandlerMethod.java:133)
	at org.springframework.web.servlet.mvc.method.annotation.ServletInvocableHandlerMethod.invokeAndHandle(ServletInvocableHandlerMethod.java:97)
	at org.springframework.web.servlet.mvc.method.annotation.RequestMappingHandlerAdapter.invokeHandlerMethod(RequestMappingHandlerAdapter.java:849)
	at org.springframework.web.servlet.mvc.method.annotation.RequestMappingHandlerAdapter.handleInternal(RequestMappingHandlerAdapter.java:760)
	at org.springframework.web.servlet.mvc.method.AbstractHandlerMethodAdapter.handle(AbstractHandlerMethodAdapter.java:85)
	at org.springframework.web.servlet.DispatcherServlet.doDispatch(DispatcherServlet.java:967)
	at org.springframework.web.servlet.DispatcherServlet.doService(DispatcherServlet.java:901)
	at org.springframework.web.servlet.FrameworkServlet.processRequest(FrameworkServlet.java:970)
	at org.springframework.web.servlet.FrameworkServlet.doPost(FrameworkServlet.java:872)
	at javax.servlet.http.HttpServlet.service(HttpServlet.java:661)
	at org.springframework.web.servlet.FrameworkServlet.service(FrameworkServlet.java:846)
	at javax.servlet.http.HttpServlet.service(HttpServlet.java:742)
	at org.apache.catalina.core.ApplicationFilterChain.internalDoFilter(ApplicationFilterChain.java:231)
	at org.apache.catalina.core.ApplicationFilterChain.doFilter(ApplicationFilterChain.java:166)
	at org.apache.tomcat.websocket.server.WsFilter.doFilter(WsFilter.java:52)
	at org.apache.catalina.core.ApplicationFilterChain.internalDoFilter(ApplicationFilterChain.java:193)
	at org.apache.catalina.core.ApplicationFilterChain.doFilter(ApplicationFilterChain.java:166)
	at org.springframework.web.filter.RequestContextFilter.doFilterInternal(RequestContextFilter.java:99)
	at org.springframework.web.filter.OncePerRequestFilter.doFilter(OncePerRequestFilter.java:107)
	at org.apache.catalina.core.ApplicationFilterChain.internalDoFilter(ApplicationFilterChain.java:193)
	at org.apache.catalina.core.ApplicationFilterChain.doFilter(ApplicationFilterChain.java:166)
	at org.springframework.web.filter.HttpPutFormContentFilter.doFilterInternal(HttpPutFormContentFilter.java:109)
	at org.springframework.web.filter.OncePerRequestFilter.doFilter(OncePerRequestFilter.java:107)
	at org.apache.catalina.core.ApplicationFilterChain.internalDoFilter(ApplicationFilterChain.java:193)
	at org.apache.catalina.core.ApplicationFilterChain.doFilter(ApplicationFilterChain.java:166)
	at org.springframework.web.filter.HiddenHttpMethodFilter.doFilterInternal(HiddenHttpMethodFilter.java:93)
	at org.springframework.web.filter.OncePerRequestFilter.doFilter(OncePerRequestFilter.java:107)
	at org.apache.catalina.core.ApplicationFilterChain.internalDoFilter(ApplicationFilterChain.java:193)
	at org.apache.catalina.core.ApplicationFilterChain.doFilter(ApplicationFilterChain.java:166)
	at org.springframework.web.filter.CharacterEncodingFilter.doFilterInternal(CharacterEncodingFilter.java:197)
	at org.springframework.web.filter.OncePerRequestFilter.doFilter(OncePerRequestFilter.java:107)
	at org.apache.catalina.core.ApplicationFilterChain.internalDoFilter(ApplicationFilterChain.java:193)
	at org.apache.catalina.core.ApplicationFilterChain.doFilter(ApplicationFilterChain.java:166)
	at org.apache.catalina.core.StandardWrapperValve.invoke(StandardWrapperValve.java:198)
	at org.apache.catalina.core.StandardContextValve.invoke(StandardContextValve.java:96)
	at org.apache.catalina.authenticator.AuthenticatorBase.invoke(AuthenticatorBase.java:493)
	at org.apache.catalina.core.StandardHostValve.invoke(StandardHostValve.java:140)
	at org.apache.catalina.valves.ErrorReportValve.invoke(ErrorReportValve.java:81)
	at org.apache.catalina.core.StandardEngineValve.invoke(StandardEngineValve.java:87)
	at org.apache.catalina.connector.CoyoteAdapter.service(CoyoteAdapter.java:342)
	at org.apache.coyote.http11.Http11Processor.service(Http11Processor.java:800)
	at org.apache.coyote.AbstractProcessorLight.process(AbstractProcessorLight.java:66)
	at org.apache.coyote.AbstractProtocol$ConnectionHandler.process(AbstractProtocol.java:806)
	at org.apache.tomcat.util.net.NioEndpoint$SocketProcessor.doRun(NioEndpoint.java:1498)
	at org.apache.tomcat.util.net.SocketProcessorBase.run(SocketProcessorBase.java:49)
	at java.util.concurrent.ThreadPoolExecutor.runWorker(ThreadPoolExecutor.java:1149)
	at java.util.concurrent.ThreadPoolExecutor$Worker.run(ThreadPoolExecutor.java:624)
	at org.apache.tomcat.util.threads.TaskThread$WrappingRunnable.run(TaskThread.java:61)
	at java.lang.Thread.run(Thread.java:748)
2018:11:27 09:47:08.697 INFO  --- [http-nio-8080-exec-10] o.s.b.f.xml.XmlBeanDefinitionReader : Loading XML bean definitions from class path resource [org/springframework/jdbc/support/sql-error-codes.xml] 
2018:11:27 09:47:08.764 ERROR --- [http-nio-8080-exec-10] o.a.c.c.C.[.[.[.[dispatcherServlet] : Servlet.service() for servlet [dispatcherServlet] in context with path [] threw exception [Request processing failed; nested exception is org.springframework.dao.DuplicateKeyException: 
### Error updating database.  Cause: org.h2.jdbc.JdbcSQLException: Unique index or primary key violation: "PRIMARY_KEY_2 ON PUBLIC.USER(EMAIL) VALUES ('aa@aa', 1)"; SQL statement:
INSERT INTO USER(EMAIL, PASSWORD, NAME, PHONE, ADDRESS) VALUES(?, ?, ?, ?, ?) [23505-197]
### The error may involve com.example.demo.repository.UserMapper.insert-Inline
### The error occurred while setting parameters
### SQL: INSERT INTO USER(EMAIL, PASSWORD, NAME, PHONE, ADDRESS) VALUES(?, ?, ?, ?, ?)
### Cause: org.h2.jdbc.JdbcSQLException: Unique index or primary key violation: "PRIMARY_KEY_2 ON PUBLIC.USER(EMAIL) VALUES ('aa@aa', 1)"; SQL statement:
INSERT INTO USER(EMAIL, PASSWORD, NAME, PHONE, ADDRESS) VALUES(?, ?, ?, ?, ?) [23505-197]
; SQL []; Unique index or primary key violation: "PRIMARY_KEY_2 ON PUBLIC.USER(EMAIL) VALUES ('aa@aa', 1)"; SQL statement:
INSERT INTO USER(EMAIL, PASSWORD, NAME, PHONE, ADDRESS) VALUES(?, ?, ?, ?, ?) [23505-197]; nested exception is org.h2.jdbc.JdbcSQLException: Unique index or primary key violation: "PRIMARY_KEY_2 ON PUBLIC.USER(EMAIL) VALUES ('aa@aa', 1)"; SQL statement:
INSERT INTO USER(EMAIL, PASSWORD, NAME, PHONE, ADDRESS) VALUES(?, ?, ?, ?, ?) [23505-197]] with root cause 
org.h2.jdbc.JdbcSQLException: Unique index or primary key violation: "PRIMARY_KEY_2 ON PUBLIC.USER(EMAIL) VALUES ('aa@aa', 1)"; SQL statement:
INSERT INTO USER(EMAIL, PASSWORD, NAME, PHONE, ADDRESS) VALUES(?, ?, ?, ?, ?) [23505-197]
	at org.h2.message.DbException.getJdbcSQLException(DbException.java:357)
	at org.h2.message.DbException.get(DbException.java:179)
	at org.h2.message.DbException.get(DbException.java:155)
	at org.h2.index.BaseIndex.getDuplicateKeyException(BaseIndex.java:101)
	at org.h2.mvstore.db.MVSecondaryIndex.requireUnique(MVSecondaryIndex.java:236)
	at org.h2.mvstore.db.MVSecondaryIndex.add(MVSecondaryIndex.java:202)
	at org.h2.mvstore.db.MVTable.addRow(MVTable.java:732)
	at org.h2.command.dml.Insert.insertRows(Insert.java:182)
	at org.h2.command.dml.Insert.update(Insert.java:134)
	at org.h2.command.CommandContainer.update(CommandContainer.java:102)
	at org.h2.command.Command.executeUpdate(Command.java:261)
	at org.h2.jdbc.JdbcPreparedStatement.execute(JdbcPreparedStatement.java:249)
	at net.sf.log4jdbc.sql.jdbcapi.PreparedStatementSpy.execute(PreparedStatementSpy.java:443)
	at sun.reflect.NativeMethodAccessorImpl.invoke0(Native Method)
	at sun.reflect.NativeMethodAccessorImpl.invoke(NativeMethodAccessorImpl.java:62)
	at sun.reflect.DelegatingMethodAccessorImpl.invoke(DelegatingMethodAccessorImpl.java:43)
	at java.lang.reflect.Method.invoke(Method.java:498)
	at org.apache.tomcat.jdbc.pool.StatementFacade$StatementProxy.invoke(StatementFacade.java:114)
	at com.sun.proxy.$Proxy75.execute(Unknown Source)
	at org.apache.ibatis.executor.statement.PreparedStatementHandler.update(PreparedStatementHandler.java:46)
	at org.apache.ibatis.executor.statement.RoutingStatementHandler.update(RoutingStatementHandler.java:74)
	at org.apache.ibatis.executor.SimpleExecutor.doUpdate(SimpleExecutor.java:50)
	at org.apache.ibatis.executor.BaseExecutor.update(BaseExecutor.java:117)
	at org.apache.ibatis.executor.CachingExecutor.update(CachingExecutor.java:76)
	at org.apache.ibatis.session.defaults.DefaultSqlSession.update(DefaultSqlSession.java:198)
	at org.apache.ibatis.session.defaults.DefaultSqlSession.insert(DefaultSqlSession.java:185)
	at sun.reflect.NativeMethodAccessorImpl.invoke0(Native Method)
	at sun.reflect.NativeMethodAccessorImpl.invoke(NativeMethodAccessorImpl.java:62)
	at sun.reflect.DelegatingMethodAccessorImpl.invoke(DelegatingMethodAccessorImpl.java:43)
	at java.lang.reflect.Method.invoke(Method.java:498)
	at org.mybatis.spring.SqlSessionTemplate$SqlSessionInterceptor.invoke(SqlSessionTemplate.java:433)
	at com.sun.proxy.$Proxy63.insert(Unknown Source)
	at org.mybatis.spring.SqlSessionTemplate.insert(SqlSessionTemplate.java:278)
	at org.apache.ibatis.binding.MapperMethod.execute(MapperMethod.java:58)
	at org.apache.ibatis.binding.MapperProxy.invoke(MapperProxy.java:59)
	at com.sun.proxy.$Proxy64.insert(Unknown Source)
	at com.example.demo.controller.SignupController.postSingup(SignupController.java:27)
	at sun.reflect.NativeMethodAccessorImpl.invoke0(Native Method)
	at sun.reflect.NativeMethodAccessorImpl.invoke(NativeMethodAccessorImpl.java:62)
	at sun.reflect.DelegatingMethodAccessorImpl.invoke(DelegatingMethodAccessorImpl.java:43)
	at java.lang.reflect.Method.invoke(Method.java:498)
	at org.springframework.web.method.support.InvocableHandlerMethod.doInvoke(InvocableHandlerMethod.java:205)
	at org.springframework.web.method.support.InvocableHandlerMethod.invokeForRequest(InvocableHandlerMethod.java:133)
	at org.springframework.web.servlet.mvc.method.annotation.ServletInvocableHandlerMethod.invokeAndHandle(ServletInvocableHandlerMethod.java:97)
	at org.springframework.web.servlet.mvc.method.annotation.RequestMappingHandlerAdapter.invokeHandlerMethod(RequestMappingHandlerAdapter.java:849)
	at org.springframework.web.servlet.mvc.method.annotation.RequestMappingHandlerAdapter.handleInternal(RequestMappingHandlerAdapter.java:760)
	at org.springframework.web.servlet.mvc.method.AbstractHandlerMethodAdapter.handle(AbstractHandlerMethodAdapter.java:85)
	at org.springframework.web.servlet.DispatcherServlet.doDispatch(DispatcherServlet.java:967)
	at org.springframework.web.servlet.DispatcherServlet.doService(DispatcherServlet.java:901)
	at org.springframework.web.servlet.FrameworkServlet.processRequest(FrameworkServlet.java:970)
	at org.springframework.web.servlet.FrameworkServlet.doPost(FrameworkServlet.java:872)
	at javax.servlet.http.HttpServlet.service(HttpServlet.java:661)
	at org.springframework.web.servlet.FrameworkServlet.service(FrameworkServlet.java:846)
	at javax.servlet.http.HttpServlet.service(HttpServlet.java:742)
	at org.apache.catalina.core.ApplicationFilterChain.internalDoFilter(ApplicationFilterChain.java:231)
	at org.apache.catalina.core.ApplicationFilterChain.doFilter(ApplicationFilterChain.java:166)
	at org.apache.tomcat.websocket.server.WsFilter.doFilter(WsFilter.java:52)
	at org.apache.catalina.core.ApplicationFilterChain.internalDoFilter(ApplicationFilterChain.java:193)
	at org.apache.catalina.core.ApplicationFilterChain.doFilter(ApplicationFilterChain.java:166)
	at org.springframework.web.filter.RequestContextFilter.doFilterInternal(RequestContextFilter.java:99)
	at org.springframework.web.filter.OncePerRequestFilter.doFilter(OncePerRequestFilter.java:107)
	at org.apache.catalina.core.ApplicationFilterChain.internalDoFilter(ApplicationFilterChain.java:193)
	at org.apache.catalina.core.ApplicationFilterChain.doFilter(ApplicationFilterChain.java:166)
	at org.springframework.web.filter.HttpPutFormContentFilter.doFilterInternal(HttpPutFormContentFilter.java:109)
	at org.springframework.web.filter.OncePerRequestFilter.doFilter(OncePerRequestFilter.java:107)
	at org.apache.catalina.core.ApplicationFilterChain.internalDoFilter(ApplicationFilterChain.java:193)
	at org.apache.catalina.core.ApplicationFilterChain.doFilter(ApplicationFilterChain.java:166)
	at org.springframework.web.filter.HiddenHttpMethodFilter.doFilterInternal(HiddenHttpMethodFilter.java:93)
	at org.springframework.web.filter.OncePerRequestFilter.doFilter(OncePerRequestFilter.java:107)
	at org.apache.catalina.core.ApplicationFilterChain.internalDoFilter(ApplicationFilterChain.java:193)
	at org.apache.catalina.core.ApplicationFilterChain.doFilter(ApplicationFilterChain.java:166)
	at org.springframework.web.filter.CharacterEncodingFilter.doFilterInternal(CharacterEncodingFilter.java:197)
	at org.springframework.web.filter.OncePerRequestFilter.doFilter(OncePerRequestFilter.java:107)
	at org.apache.catalina.core.ApplicationFilterChain.internalDoFilter(ApplicationFilterChain.java:193)
	at org.apache.catalina.core.ApplicationFilterChain.doFilter(ApplicationFilterChain.java:166)
	at org.apache.catalina.core.StandardWrapperValve.invoke(StandardWrapperValve.java:198)
	at org.apache.catalina.core.StandardContextValve.invoke(StandardContextValve.java:96)
	at org.apache.catalina.authenticator.AuthenticatorBase.invoke(AuthenticatorBase.java:493)
	at org.apache.catalina.core.StandardHostValve.invoke(StandardHostValve.java:140)
	at org.apache.catalina.valves.ErrorReportValve.invoke(ErrorReportValve.java:81)
	at org.apache.catalina.core.StandardEngineValve.invoke(StandardEngineValve.java:87)
	at org.apache.catalina.connector.CoyoteAdapter.service(CoyoteAdapter.java:342)
	at org.apache.coyote.http11.Http11Processor.service(Http11Processor.java:800)
	at org.apache.coyote.AbstractProcessorLight.process(AbstractProcessorLight.java:66)
	at org.apache.coyote.AbstractProtocol$ConnectionHandler.process(AbstractProtocol.java:806)
	at org.apache.tomcat.util.net.NioEndpoint$SocketProcessor.doRun(NioEndpoint.java:1498)
	at org.apache.tomcat.util.net.SocketProcessorBase.run(SocketProcessorBase.java:49)
	at java.util.concurrent.ThreadPoolExecutor.runWorker(ThreadPoolExecutor.java:1149)
	at java.util.concurrent.ThreadPoolExecutor$Worker.run(ThreadPoolExecutor.java:624)
	at org.apache.tomcat.util.threads.TaskThread$WrappingRunnable.run(TaskThread.java:61)
	at java.lang.Thread.run(Thread.java:748)
2018:11:27 10:02:07.967 INFO  --- [RMI TCP Connection(2)-127.0.0.1] o.s.b.a.SpringApplicationAdminMXBeanRegistrar$SpringApplicationAdmin : Application shutdown requested. 
2018:11:27 10:02:07.969 INFO  --- [RMI TCP Connection(2)-127.0.0.1] o.s.b.c.e.AnnotationConfigEmbeddedWebApplicationContext : Closing org.springframework.boot.context.embedded.AnnotationConfigEmbeddedWebApplicationContext@16d04d3d: startup date [Tue Nov 27 09:44:25 KST 2018]; root of context hierarchy 
2018:11:27 10:02:07.975 INFO  --- [RMI TCP Connection(2)-127.0.0.1] o.s.j.e.a.AnnotationMBeanExporter : Unregistering JMX-exposed beans on shutdown 
2018:11:27 10:07:13.137 INFO  --- [main] c.e.demo.SpringVueMallApplication : Starting SpringVueMallApplication on cheongonhong-ui-MacBook-Pro.local with PID 831 (/Users/Sarkh/Documents/Workspace/Spring/spring-vue-mall/target/classes started by Sarkh in /Users/Sarkh/Documents/Workspace/Spring/spring-vue-mall) 
2018:11:27 10:07:13.167 INFO  --- [main] c.e.demo.SpringVueMallApplication : No active profile set, falling back to default profiles: default 
2018:11:27 10:07:13.477 INFO  --- [main] o.s.b.c.e.AnnotationConfigEmbeddedWebApplicationContext : Refreshing org.springframework.boot.context.embedded.AnnotationConfigEmbeddedWebApplicationContext@16d04d3d: startup date [Tue Nov 27 10:07:13 KST 2018]; root of context hierarchy 
2018:11:27 10:07:14.626 INFO  --- [main] o.s.b.c.e.t.TomcatEmbeddedServletContainer : Tomcat initialized with port(s): 8080 (http) 
2018:11:27 10:07:14.645 INFO  --- [main] o.a.catalina.core.StandardService : Starting service [Tomcat] 
2018:11:27 10:07:14.646 INFO  --- [main] o.a.catalina.core.StandardEngine : Starting Servlet Engine: Apache Tomcat/8.5.34 
2018:11:27 10:07:14.721 INFO  --- [localhost-startStop-1] o.a.c.c.C.[Tomcat].[localhost].[/] : Initializing Spring embedded WebApplicationContext 
2018:11:27 10:07:14.722 INFO  --- [localhost-startStop-1] o.s.web.context.ContextLoader : Root WebApplicationContext: initialization completed in 1245 ms 
2018:11:27 10:07:14.864 INFO  --- [localhost-startStop-1] o.s.b.w.s.ServletRegistrationBean : Mapping servlet: 'dispatcherServlet' to [/] 
2018:11:27 10:07:14.866 INFO  --- [localhost-startStop-1] o.s.b.w.s.ServletRegistrationBean : Mapping servlet: 'webServlet' to [/h2-console/*] 
2018:11:27 10:07:14.870 INFO  --- [localhost-startStop-1] o.s.b.w.s.FilterRegistrationBean : Mapping filter: 'characterEncodingFilter' to: [/*] 
2018:11:27 10:07:14.871 INFO  --- [localhost-startStop-1] o.s.b.w.s.FilterRegistrationBean : Mapping filter: 'hiddenHttpMethodFilter' to: [/*] 
2018:11:27 10:07:14.872 INFO  --- [localhost-startStop-1] o.s.b.w.s.FilterRegistrationBean : Mapping filter: 'httpPutFormContentFilter' to: [/*] 
2018:11:27 10:07:14.873 INFO  --- [localhost-startStop-1] o.s.b.w.s.FilterRegistrationBean : Mapping filter: 'requestContextFilter' to: [/*] 
2018:11:27 10:07:15.248 INFO  --- [main] o.s.j.datasource.init.ScriptUtils : Executing SQL script from URL [file:/Users/Sarkh/Documents/Workspace/Spring/spring-vue-mall/target/classes/schema.sql] 
2018:11:27 10:07:15.265 INFO  --- [main] o.s.j.datasource.init.ScriptUtils : Executed SQL script from URL [file:/Users/Sarkh/Documents/Workspace/Spring/spring-vue-mall/target/classes/schema.sql] in 17 ms. 
2018:11:27 10:07:15.644 INFO  --- [main] o.s.w.s.m.m.a.RequestMappingHandlerAdapter : Looking for @ControllerAdvice: org.springframework.boot.context.embedded.AnnotationConfigEmbeddedWebApplicationContext@16d04d3d: startup date [Tue Nov 27 10:07:13 KST 2018]; root of context hierarchy 
2018:11:27 10:07:15.694 INFO  --- [main] o.s.w.s.m.m.a.RequestMappingHandlerMapping : Mapped "{[/login],methods=[POST]}" onto public java.lang.Object com.example.demo.controller.LoginController.postLogin(com.example.demo.dto.User,javax.servlet.http.HttpSession,org.springframework.ui.Model) 
2018:11:27 10:07:15.697 INFO  --- [main] o.s.w.s.m.m.a.RequestMappingHandlerMapping : Mapped "{[/signup],methods=[GET]}" onto public java.lang.Object com.example.demo.controller.SignupController.isValidAccount(java.lang.String) 
2018:11:27 10:07:15.698 INFO  --- [main] o.s.w.s.m.m.a.RequestMappingHandlerMapping : Mapped "{[/signup],methods=[POST]}" onto public java.lang.Object com.example.demo.controller.SignupController.postSingup(com.example.demo.dto.User,javax.servlet.http.HttpSession,org.springframework.ui.Model) 
2018:11:27 10:07:15.709 INFO  --- [main] o.s.w.s.m.m.a.RequestMappingHandlerMapping : Mapped "{[/error]}" onto public org.springframework.http.ResponseEntity<java.util.Map<java.lang.String, java.lang.Object>> org.springframework.boot.autoconfigure.web.BasicErrorController.error(javax.servlet.http.HttpServletRequest) 
2018:11:27 10:07:15.710 INFO  --- [main] o.s.w.s.m.m.a.RequestMappingHandlerMapping : Mapped "{[/error],produces=[text/html]}" onto public org.springframework.web.servlet.ModelAndView org.springframework.boot.autoconfigure.web.BasicErrorController.errorHtml(javax.servlet.http.HttpServletRequest,javax.servlet.http.HttpServletResponse) 
2018:11:27 10:07:15.745 INFO  --- [main] o.s.w.s.h.SimpleUrlHandlerMapping : Mapped URL path [/webjars/**] onto handler of type [class org.springframework.web.servlet.resource.ResourceHttpRequestHandler] 
2018:11:27 10:07:15.746 INFO  --- [main] o.s.w.s.h.SimpleUrlHandlerMapping : Mapped URL path [/**] onto handler of type [class org.springframework.web.servlet.resource.ResourceHttpRequestHandler] 
2018:11:27 10:07:15.790 INFO  --- [main] o.s.w.s.h.SimpleUrlHandlerMapping : Mapped URL path [/**/favicon.ico] onto handler of type [class org.springframework.web.servlet.resource.ResourceHttpRequestHandler] 
2018:11:27 10:07:15.846 WARN  --- [main] o.s.b.a.t.AbstractTemplateResolverConfiguration : Cannot find template location: classpath:/templates/ (please add some templates or check your Thymeleaf configuration) 
2018:11:27 10:07:16.225 INFO  --- [main] o.s.b.a.w.WebMvcAutoConfiguration$WelcomePageHandlerMapping : Adding welcome page: class path resource [static/index.html] 
2018:11:27 10:07:16.409 INFO  --- [main] o.s.j.e.a.AnnotationMBeanExporter : Registering beans for JMX exposure on startup 
2018:11:27 10:07:16.454 INFO  --- [main] o.s.b.c.e.t.TomcatEmbeddedServletContainer : Tomcat started on port(s): 8080 (http) 
2018:11:27 10:07:16.459 INFO  --- [main] c.e.demo.SpringVueMallApplication : Started SpringVueMallApplication in 3.636 seconds (JVM running for 4.39) 
2018:11:27 10:07:20.119 INFO  --- [http-nio-8080-exec-1] o.a.c.c.C.[Tomcat].[localhost].[/] : Initializing Spring FrameworkServlet 'dispatcherServlet' 
2018:11:27 10:07:20.120 INFO  --- [http-nio-8080-exec-1] o.s.web.servlet.DispatcherServlet : FrameworkServlet 'dispatcherServlet': initialization started 
2018:11:27 10:07:20.139 INFO  --- [http-nio-8080-exec-1] o.s.web.servlet.DispatcherServlet : FrameworkServlet 'dispatcherServlet': initialization completed in 18 ms 
2018:11:27 10:08:38.284 INFO  --- [RMI TCP Connection(2)-127.0.0.1] o.s.b.a.SpringApplicationAdminMXBeanRegistrar$SpringApplicationAdmin : Application shutdown requested. 
2018:11:27 10:08:38.286 INFO  --- [RMI TCP Connection(2)-127.0.0.1] o.s.b.c.e.AnnotationConfigEmbeddedWebApplicationContext : Closing org.springframework.boot.context.embedded.AnnotationConfigEmbeddedWebApplicationContext@16d04d3d: startup date [Tue Nov 27 10:07:13 KST 2018]; root of context hierarchy 
2018:11:27 10:08:38.289 INFO  --- [RMI TCP Connection(2)-127.0.0.1] o.s.j.e.a.AnnotationMBeanExporter : Unregistering JMX-exposed beans on shutdown 
2018:11:27 10:08:43.947 INFO  --- [main] c.e.demo.SpringVueMallApplication : Starting SpringVueMallApplication on cheongonhong-ui-MacBook-Pro.local with PID 848 (/Users/Sarkh/Documents/Workspace/Spring/spring-vue-mall/target/classes started by Sarkh in /Users/Sarkh/Documents/Workspace/Spring/spring-vue-mall) 
2018:11:27 10:08:43.957 INFO  --- [main] c.e.demo.SpringVueMallApplication : No active profile set, falling back to default profiles: default 
2018:11:27 10:08:44.154 INFO  --- [main] o.s.b.c.e.AnnotationConfigEmbeddedWebApplicationContext : Refreshing org.springframework.boot.context.embedded.AnnotationConfigEmbeddedWebApplicationContext@16d04d3d: startup date [Tue Nov 27 10:08:44 KST 2018]; root of context hierarchy 
2018:11:27 10:08:45.079 INFO  --- [main] o.s.b.c.e.t.TomcatEmbeddedServletContainer : Tomcat initialized with port(s): 8080 (http) 
2018:11:27 10:08:45.097 INFO  --- [main] o.a.catalina.core.StandardService : Starting service [Tomcat] 
2018:11:27 10:08:45.097 INFO  --- [main] o.a.catalina.core.StandardEngine : Starting Servlet Engine: Apache Tomcat/8.5.34 
2018:11:27 10:08:45.173 INFO  --- [localhost-startStop-1] o.a.c.c.C.[Tomcat].[localhost].[/] : Initializing Spring embedded WebApplicationContext 
2018:11:27 10:08:45.174 INFO  --- [localhost-startStop-1] o.s.web.context.ContextLoader : Root WebApplicationContext: initialization completed in 1020 ms 
2018:11:27 10:08:45.288 INFO  --- [localhost-startStop-1] o.s.b.w.s.ServletRegistrationBean : Mapping servlet: 'dispatcherServlet' to [/] 
2018:11:27 10:08:45.290 INFO  --- [localhost-startStop-1] o.s.b.w.s.ServletRegistrationBean : Mapping servlet: 'webServlet' to [/h2-console/*] 
2018:11:27 10:08:45.292 INFO  --- [localhost-startStop-1] o.s.b.w.s.FilterRegistrationBean : Mapping filter: 'characterEncodingFilter' to: [/*] 
2018:11:27 10:08:45.293 INFO  --- [localhost-startStop-1] o.s.b.w.s.FilterRegistrationBean : Mapping filter: 'hiddenHttpMethodFilter' to: [/*] 
2018:11:27 10:08:45.293 INFO  --- [localhost-startStop-1] o.s.b.w.s.FilterRegistrationBean : Mapping filter: 'httpPutFormContentFilter' to: [/*] 
2018:11:27 10:08:45.293 INFO  --- [localhost-startStop-1] o.s.b.w.s.FilterRegistrationBean : Mapping filter: 'requestContextFilter' to: [/*] 
2018:11:27 10:08:45.623 INFO  --- [main] o.s.j.datasource.init.ScriptUtils : Executing SQL script from URL [file:/Users/Sarkh/Documents/Workspace/Spring/spring-vue-mall/target/classes/schema.sql] 
2018:11:27 10:08:45.638 INFO  --- [main] o.s.j.datasource.init.ScriptUtils : Executed SQL script from URL [file:/Users/Sarkh/Documents/Workspace/Spring/spring-vue-mall/target/classes/schema.sql] in 14 ms. 
2018:11:27 10:08:45.936 INFO  --- [main] o.s.w.s.m.m.a.RequestMappingHandlerAdapter : Looking for @ControllerAdvice: org.springframework.boot.context.embedded.AnnotationConfigEmbeddedWebApplicationContext@16d04d3d: startup date [Tue Nov 27 10:08:44 KST 2018]; root of context hierarchy 
2018:11:27 10:08:45.983 INFO  --- [main] o.s.w.s.m.m.a.RequestMappingHandlerMapping : Mapped "{[/login],methods=[POST]}" onto public java.lang.Object com.example.demo.controller.LoginController.postLogin(com.example.demo.dto.User,javax.servlet.http.HttpSession,org.springframework.ui.Model) 
2018:11:27 10:08:45.986 INFO  --- [main] o.s.w.s.m.m.a.RequestMappingHandlerMapping : Mapped "{[/signup],methods=[GET]}" onto public java.lang.Object com.example.demo.controller.SignupController.isValidAccount(java.lang.String) 
2018:11:27 10:08:45.986 INFO  --- [main] o.s.w.s.m.m.a.RequestMappingHandlerMapping : Mapped "{[/signup],methods=[POST]}" onto public java.lang.Object com.example.demo.controller.SignupController.postSingup(com.example.demo.dto.User,javax.servlet.http.HttpSession,org.springframework.ui.Model) 
2018:11:27 10:08:45.990 INFO  --- [main] o.s.w.s.m.m.a.RequestMappingHandlerMapping : Mapped "{[/error]}" onto public org.springframework.http.ResponseEntity<java.util.Map<java.lang.String, java.lang.Object>> org.springframework.boot.autoconfigure.web.BasicErrorController.error(javax.servlet.http.HttpServletRequest) 
2018:11:27 10:08:45.991 INFO  --- [main] o.s.w.s.m.m.a.RequestMappingHandlerMapping : Mapped "{[/error],produces=[text/html]}" onto public org.springframework.web.servlet.ModelAndView org.springframework.boot.autoconfigure.web.BasicErrorController.errorHtml(javax.servlet.http.HttpServletRequest,javax.servlet.http.HttpServletResponse) 
2018:11:27 10:08:46.023 INFO  --- [main] o.s.w.s.h.SimpleUrlHandlerMapping : Mapped URL path [/webjars/**] onto handler of type [class org.springframework.web.servlet.resource.ResourceHttpRequestHandler] 
2018:11:27 10:08:46.024 INFO  --- [main] o.s.w.s.h.SimpleUrlHandlerMapping : Mapped URL path [/**] onto handler of type [class org.springframework.web.servlet.resource.ResourceHttpRequestHandler] 
2018:11:27 10:08:46.063 INFO  --- [main] o.s.w.s.h.SimpleUrlHandlerMapping : Mapped URL path [/**/favicon.ico] onto handler of type [class org.springframework.web.servlet.resource.ResourceHttpRequestHandler] 
2018:11:27 10:08:46.093 WARN  --- [main] o.s.b.a.t.AbstractTemplateResolverConfiguration : Cannot find template location: classpath:/templates/ (please add some templates or check your Thymeleaf configuration) 
2018:11:27 10:08:46.416 INFO  --- [main] o.s.b.a.w.WebMvcAutoConfiguration$WelcomePageHandlerMapping : Adding welcome page: class path resource [static/index.html] 
2018:11:27 10:08:46.575 INFO  --- [main] o.s.j.e.a.AnnotationMBeanExporter : Registering beans for JMX exposure on startup 
2018:11:27 10:08:46.633 INFO  --- [main] o.s.b.c.e.t.TomcatEmbeddedServletContainer : Tomcat started on port(s): 8080 (http) 
2018:11:27 10:08:46.643 INFO  --- [main] c.e.demo.SpringVueMallApplication : Started SpringVueMallApplication in 2.986 seconds (JVM running for 3.956) 
2018:11:27 10:08:55.248 INFO  --- [http-nio-8080-exec-1] o.a.c.c.C.[Tomcat].[localhost].[/] : Initializing Spring FrameworkServlet 'dispatcherServlet' 
2018:11:27 10:08:55.249 INFO  --- [http-nio-8080-exec-1] o.s.web.servlet.DispatcherServlet : FrameworkServlet 'dispatcherServlet': initialization started 
2018:11:27 10:08:55.263 INFO  --- [http-nio-8080-exec-1] o.s.web.servlet.DispatcherServlet : FrameworkServlet 'dispatcherServlet': initialization completed in 14 ms 
2018:11:27 10:09:00.396 INFO  --- [http-nio-8080-exec-6] jdbc.resultsettable : 
|------|---------|-----|------|--------|
|email |password |name |phone |address |
|------|---------|-----|------|--------|
|------|---------|-----|------|--------|
 
2018:11:27 10:10:16.139 INFO  --- [RMI TCP Connection(2)-127.0.0.1] o.s.b.a.SpringApplicationAdminMXBeanRegistrar$SpringApplicationAdmin : Application shutdown requested. 
2018:11:27 10:10:16.139 INFO  --- [RMI TCP Connection(2)-127.0.0.1] o.s.b.c.e.AnnotationConfigEmbeddedWebApplicationContext : Closing org.springframework.boot.context.embedded.AnnotationConfigEmbeddedWebApplicationContext@16d04d3d: startup date [Tue Nov 27 10:08:44 KST 2018]; root of context hierarchy 
2018:11:27 10:10:16.141 INFO  --- [RMI TCP Connection(2)-127.0.0.1] o.s.j.e.a.AnnotationMBeanExporter : Unregistering JMX-exposed beans on shutdown 
2018:11:27 10:10:25.374 INFO  --- [main] c.e.demo.SpringVueMallApplication : Starting SpringVueMallApplication on cheongonhong-ui-MacBook-Pro.local with PID 851 (/Users/Sarkh/Documents/Workspace/Spring/spring-vue-mall/target/classes started by Sarkh in /Users/Sarkh/Documents/Workspace/Spring/spring-vue-mall) 
2018:11:27 10:10:25.385 INFO  --- [main] c.e.demo.SpringVueMallApplication : No active profile set, falling back to default profiles: default 
2018:11:27 10:10:25.587 INFO  --- [main] o.s.b.c.e.AnnotationConfigEmbeddedWebApplicationContext : Refreshing org.springframework.boot.context.embedded.AnnotationConfigEmbeddedWebApplicationContext@16d04d3d: startup date [Tue Nov 27 10:10:25 KST 2018]; root of context hierarchy 
2018:11:27 10:10:26.532 INFO  --- [main] o.s.b.c.e.t.TomcatEmbeddedServletContainer : Tomcat initialized with port(s): 8080 (http) 
2018:11:27 10:10:26.549 INFO  --- [main] o.a.catalina.core.StandardService : Starting service [Tomcat] 
2018:11:27 10:10:26.549 INFO  --- [main] o.a.catalina.core.StandardEngine : Starting Servlet Engine: Apache Tomcat/8.5.34 
2018:11:27 10:10:26.617 INFO  --- [localhost-startStop-1] o.a.c.c.C.[Tomcat].[localhost].[/] : Initializing Spring embedded WebApplicationContext 
2018:11:27 10:10:26.618 INFO  --- [localhost-startStop-1] o.s.web.context.ContextLoader : Root WebApplicationContext: initialization completed in 1031 ms 
2018:11:27 10:10:26.742 INFO  --- [localhost-startStop-1] o.s.b.w.s.ServletRegistrationBean : Mapping servlet: 'dispatcherServlet' to [/] 
2018:11:27 10:10:26.744 INFO  --- [localhost-startStop-1] o.s.b.w.s.ServletRegistrationBean : Mapping servlet: 'webServlet' to [/h2-console/*] 
2018:11:27 10:10:26.747 INFO  --- [localhost-startStop-1] o.s.b.w.s.FilterRegistrationBean : Mapping filter: 'characterEncodingFilter' to: [/*] 
2018:11:27 10:10:26.748 INFO  --- [localhost-startStop-1] o.s.b.w.s.FilterRegistrationBean : Mapping filter: 'hiddenHttpMethodFilter' to: [/*] 
2018:11:27 10:10:26.749 INFO  --- [localhost-startStop-1] o.s.b.w.s.FilterRegistrationBean : Mapping filter: 'httpPutFormContentFilter' to: [/*] 
2018:11:27 10:10:26.749 INFO  --- [localhost-startStop-1] o.s.b.w.s.FilterRegistrationBean : Mapping filter: 'requestContextFilter' to: [/*] 
2018:11:27 10:10:27.067 INFO  --- [main] o.s.j.datasource.init.ScriptUtils : Executing SQL script from URL [file:/Users/Sarkh/Documents/Workspace/Spring/spring-vue-mall/target/classes/schema.sql] 
2018:11:27 10:10:27.082 INFO  --- [main] o.s.j.datasource.init.ScriptUtils : Executed SQL script from URL [file:/Users/Sarkh/Documents/Workspace/Spring/spring-vue-mall/target/classes/schema.sql] in 14 ms. 
2018:11:27 10:10:27.409 INFO  --- [main] o.s.w.s.m.m.a.RequestMappingHandlerAdapter : Looking for @ControllerAdvice: org.springframework.boot.context.embedded.AnnotationConfigEmbeddedWebApplicationContext@16d04d3d: startup date [Tue Nov 27 10:10:25 KST 2018]; root of context hierarchy 
2018:11:27 10:10:27.451 INFO  --- [main] o.s.w.s.m.m.a.RequestMappingHandlerMapping : Mapped "{[/login],methods=[POST]}" onto public java.lang.Object com.example.demo.controller.LoginController.postLogin(com.example.demo.dto.User,javax.servlet.http.HttpSession,org.springframework.ui.Model) 
2018:11:27 10:10:27.454 INFO  --- [main] o.s.w.s.m.m.a.RequestMappingHandlerMapping : Mapped "{[/signup],methods=[GET]}" onto public java.lang.Object com.example.demo.controller.SignupController.isValidAccount(java.lang.String) 
2018:11:27 10:10:27.454 INFO  --- [main] o.s.w.s.m.m.a.RequestMappingHandlerMapping : Mapped "{[/signup],methods=[POST]}" onto public java.lang.Object com.example.demo.controller.SignupController.postSingup(com.example.demo.dto.User,javax.servlet.http.HttpSession,org.springframework.ui.Model) 
2018:11:27 10:10:27.457 INFO  --- [main] o.s.w.s.m.m.a.RequestMappingHandlerMapping : Mapped "{[/error]}" onto public org.springframework.http.ResponseEntity<java.util.Map<java.lang.String, java.lang.Object>> org.springframework.boot.autoconfigure.web.BasicErrorController.error(javax.servlet.http.HttpServletRequest) 
2018:11:27 10:10:27.458 INFO  --- [main] o.s.w.s.m.m.a.RequestMappingHandlerMapping : Mapped "{[/error],produces=[text/html]}" onto public org.springframework.web.servlet.ModelAndView org.springframework.boot.autoconfigure.web.BasicErrorController.errorHtml(javax.servlet.http.HttpServletRequest,javax.servlet.http.HttpServletResponse) 
2018:11:27 10:10:27.488 INFO  --- [main] o.s.w.s.h.SimpleUrlHandlerMapping : Mapped URL path [/webjars/**] onto handler of type [class org.springframework.web.servlet.resource.ResourceHttpRequestHandler] 
2018:11:27 10:10:27.490 INFO  --- [main] o.s.w.s.h.SimpleUrlHandlerMapping : Mapped URL path [/**] onto handler of type [class org.springframework.web.servlet.resource.ResourceHttpRequestHandler] 
2018:11:27 10:10:27.525 INFO  --- [main] o.s.w.s.h.SimpleUrlHandlerMapping : Mapped URL path [/**/favicon.ico] onto handler of type [class org.springframework.web.servlet.resource.ResourceHttpRequestHandler] 
2018:11:27 10:10:27.564 WARN  --- [main] o.s.b.a.t.AbstractTemplateResolverConfiguration : Cannot find template location: classpath:/templates/ (please add some templates or check your Thymeleaf configuration) 
2018:11:27 10:10:27.901 INFO  --- [main] o.s.b.a.w.WebMvcAutoConfiguration$WelcomePageHandlerMapping : Adding welcome page: class path resource [static/index.html] 
2018:11:27 10:10:28.065 INFO  --- [main] o.s.j.e.a.AnnotationMBeanExporter : Registering beans for JMX exposure on startup 
2018:11:27 10:10:28.105 INFO  --- [main] o.s.b.c.e.t.TomcatEmbeddedServletContainer : Tomcat started on port(s): 8080 (http) 
2018:11:27 10:10:28.109 INFO  --- [main] c.e.demo.SpringVueMallApplication : Started SpringVueMallApplication in 3.022 seconds (JVM running for 3.564) 
2018:11:27 10:10:32.939 INFO  --- [http-nio-8080-exec-1] o.a.c.c.C.[Tomcat].[localhost].[/] : Initializing Spring FrameworkServlet 'dispatcherServlet' 
2018:11:27 10:10:32.940 INFO  --- [http-nio-8080-exec-1] o.s.web.servlet.DispatcherServlet : FrameworkServlet 'dispatcherServlet': initialization started 
2018:11:27 10:10:32.956 INFO  --- [http-nio-8080-exec-1] o.s.web.servlet.DispatcherServlet : FrameworkServlet 'dispatcherServlet': initialization completed in 15 ms 
2018:11:27 10:10:35.673 INFO  --- [http-nio-8080-exec-9] jdbc.resultsettable : 
|------|---------|-----|------|--------|
|email |password |name |phone |address |
|------|---------|-----|------|--------|
|------|---------|-----|------|--------|
 
2018:11:27 10:10:44.315 INFO  --- [http-nio-8080-exec-1] jdbc.resultsettable : 
|-----------------|-----------------------------------------------------------------|-----|-----------|-----------------------|
|email            |password                                                         |name |phone      |address                |
|-----------------|-----------------------------------------------------------------|-----|-----------|-----------------------|
|take91@naver.com |03ac674216f3e15c761ee1a5e255f067953623c8b388b4459e13f978d7c846f4 |곤홍 천 |1026750229 |삼성동 주공1차아파트 105동 1002호 |
|-----------------|-----------------------------------------------------------------|-----|-----------|-----------------------|
 
2018:11:27 10:10:44.320 INFO  --- [http-nio-8080-exec-1] jdbc.resultsettable : 
|-----------------|-----------------------------------------------------------------|-----|-----------|-----------------------|
|email            |password                                                         |name |phone      |address                |
|-----------------|-----------------------------------------------------------------|-----|-----------|-----------------------|
|take91@naver.com |03ac674216f3e15c761ee1a5e255f067953623c8b388b4459e13f978d7c846f4 |곤홍 천 |1026750229 |삼성동 주공1차아파트 105동 1002호 |
|-----------------|-----------------------------------------------------------------|-----|-----------|-----------------------|
 
2018:11:27 10:10:44.323 INFO  --- [http-nio-8080-exec-1] jdbc.resultsettable : 
|-----------------|-----------------------------------------------------------------|-----|-----------|-----------------------|
|email            |password                                                         |name |phone      |address                |
|-----------------|-----------------------------------------------------------------|-----|-----------|-----------------------|
|take91@naver.com |03ac674216f3e15c761ee1a5e255f067953623c8b388b4459e13f978d7c846f4 |곤홍 천 |1026750229 |삼성동 주공1차아파트 105동 1002호 |
|-----------------|-----------------------------------------------------------------|-----|-----------|-----------------------|
 
2018:11:27 10:10:44.327 INFO  --- [http-nio-8080-exec-1] jdbc.resultsettable : 
|-----------------|-----------------------------------------------------------------|-----|-----------|-----------------------|
|email            |password                                                         |name |phone      |address                |
|-----------------|-----------------------------------------------------------------|-----|-----------|-----------------------|
|take91@naver.com |03ac674216f3e15c761ee1a5e255f067953623c8b388b4459e13f978d7c846f4 |곤홍 천 |1026750229 |삼성동 주공1차아파트 105동 1002호 |
|-----------------|-----------------------------------------------------------------|-----|-----------|-----------------------|
 
2018:11:27 10:10:49.632 INFO  --- [http-nio-8080-exec-6] jdbc.resultsettable : 
|-----------------|-----------------------------------------------------------------|-----|-----------|-----------------------|
|email            |password                                                         |name |phone      |address                |
|-----------------|-----------------------------------------------------------------|-----|-----------|-----------------------|
|take91@naver.com |03ac674216f3e15c761ee1a5e255f067953623c8b388b4459e13f978d7c846f4 |곤홍 천 |1026750229 |삼성동 주공1차아파트 105동 1002호 |
|-----------------|-----------------------------------------------------------------|-----|-----------|-----------------------|
 
2018:11:27 10:14:33.325 INFO  --- [http-nio-8080-exec-4] jdbc.resultsettable : 
|------|---------|-----|------|--------|
|email |password |name |phone |address |
|------|---------|-----|------|--------|
|------|---------|-----|------|--------|
 
2018:11:27 10:14:40.194 INFO  --- [http-nio-8080-exec-2] jdbc.resultsettable : 
|-----------------|-----------------------------------------------------------------|-----|-----------|-----------------------|
|email            |password                                                         |name |phone      |address                |
|-----------------|-----------------------------------------------------------------|-----|-----------|-----------------------|
|take91@naver.com |03ac674216f3e15c761ee1a5e255f067953623c8b388b4459e13f978d7c846f4 |곤홍 천 |1026750229 |삼성동 주공1차아파트 105동 1002호 |
|-----------------|-----------------------------------------------------------------|-----|-----------|-----------------------|
 
2018:11:27 10:14:46.977 INFO  --- [http-nio-8080-exec-6] jdbc.resultsettable : 
|------|---------|-----|------|--------|
|email |password |name |phone |address |
|------|---------|-----|------|--------|
|------|---------|-----|------|--------|
 
2018:11:27 10:19:33.958 INFO  --- [RMI TCP Connection(2)-127.0.0.1] o.s.b.a.SpringApplicationAdminMXBeanRegistrar$SpringApplicationAdmin : Application shutdown requested. 
2018:11:27 10:19:33.960 INFO  --- [RMI TCP Connection(2)-127.0.0.1] o.s.b.c.e.AnnotationConfigEmbeddedWebApplicationContext : Closing org.springframework.boot.context.embedded.AnnotationConfigEmbeddedWebApplicationContext@16d04d3d: startup date [Tue Nov 27 10:10:25 KST 2018]; root of context hierarchy 
2018:11:27 10:19:33.964 INFO  --- [RMI TCP Connection(2)-127.0.0.1] o.s.j.e.a.AnnotationMBeanExporter : Unregistering JMX-exposed beans on shutdown 
2018:11:27 10:28:30.576 INFO  --- [main] c.e.demo.SpringVueMallApplication : Starting SpringVueMallApplication on cheongonhong-ui-MacBook-Pro.local with PID 956 (/Users/Sarkh/Documents/Workspace/Spring/spring-vue-mall/target/classes started by Sarkh in /Users/Sarkh/Documents/Workspace/Spring/spring-vue-mall) 
2018:11:27 10:28:30.595 INFO  --- [main] c.e.demo.SpringVueMallApplication : No active profile set, falling back to default profiles: default 
2018:11:27 10:28:30.853 INFO  --- [main] o.s.b.c.e.AnnotationConfigEmbeddedWebApplicationContext : Refreshing org.springframework.boot.context.embedded.AnnotationConfigEmbeddedWebApplicationContext@16d04d3d: startup date [Tue Nov 27 10:28:30 KST 2018]; root of context hierarchy 
2018:11:27 10:28:31.959 INFO  --- [main] o.s.b.c.e.t.TomcatEmbeddedServletContainer : Tomcat initialized with port(s): 8080 (http) 
2018:11:27 10:28:31.978 INFO  --- [main] o.a.catalina.core.StandardService : Starting service [Tomcat] 
2018:11:27 10:28:31.978 INFO  --- [main] o.a.catalina.core.StandardEngine : Starting Servlet Engine: Apache Tomcat/8.5.34 
2018:11:27 10:28:32.041 INFO  --- [localhost-startStop-1] o.a.c.c.C.[Tomcat].[localhost].[/] : Initializing Spring embedded WebApplicationContext 
2018:11:27 10:28:32.042 INFO  --- [localhost-startStop-1] o.s.web.context.ContextLoader : Root WebApplicationContext: initialization completed in 1189 ms 
2018:11:27 10:28:32.183 INFO  --- [localhost-startStop-1] o.s.b.w.s.ServletRegistrationBean : Mapping servlet: 'dispatcherServlet' to [/] 
2018:11:27 10:28:32.185 INFO  --- [localhost-startStop-1] o.s.b.w.s.ServletRegistrationBean : Mapping servlet: 'webServlet' to [/h2-console/*] 
2018:11:27 10:28:32.187 INFO  --- [localhost-startStop-1] o.s.b.w.s.FilterRegistrationBean : Mapping filter: 'characterEncodingFilter' to: [/*] 
2018:11:27 10:28:32.188 INFO  --- [localhost-startStop-1] o.s.b.w.s.FilterRegistrationBean : Mapping filter: 'hiddenHttpMethodFilter' to: [/*] 
2018:11:27 10:28:32.189 INFO  --- [localhost-startStop-1] o.s.b.w.s.FilterRegistrationBean : Mapping filter: 'httpPutFormContentFilter' to: [/*] 
2018:11:27 10:28:32.189 INFO  --- [localhost-startStop-1] o.s.b.w.s.FilterRegistrationBean : Mapping filter: 'requestContextFilter' to: [/*] 
2018:11:27 10:28:32.544 INFO  --- [main] o.s.j.datasource.init.ScriptUtils : Executing SQL script from URL [file:/Users/Sarkh/Documents/Workspace/Spring/spring-vue-mall/target/classes/schema.sql] 
2018:11:27 10:28:32.560 INFO  --- [main] o.s.j.datasource.init.ScriptUtils : Executed SQL script from URL [file:/Users/Sarkh/Documents/Workspace/Spring/spring-vue-mall/target/classes/schema.sql] in 16 ms. 
2018:11:27 10:28:32.904 INFO  --- [main] o.s.w.s.m.m.a.RequestMappingHandlerAdapter : Looking for @ControllerAdvice: org.springframework.boot.context.embedded.AnnotationConfigEmbeddedWebApplicationContext@16d04d3d: startup date [Tue Nov 27 10:28:30 KST 2018]; root of context hierarchy 
2018:11:27 10:28:32.952 INFO  --- [main] o.s.w.s.m.m.a.RequestMappingHandlerMapping : Mapped "{[/login],methods=[POST]}" onto public java.lang.Object com.example.demo.controller.LoginController.postLogin(com.example.demo.dto.User,javax.servlet.http.HttpSession,org.springframework.ui.Model) 
2018:11:27 10:28:32.954 INFO  --- [main] o.s.w.s.m.m.a.RequestMappingHandlerMapping : Mapped "{[/signup],methods=[GET]}" onto public java.lang.Object com.example.demo.controller.SignupController.isValidAccount(java.lang.String) 
2018:11:27 10:28:32.955 INFO  --- [main] o.s.w.s.m.m.a.RequestMappingHandlerMapping : Mapped "{[/signup],methods=[POST]}" onto public java.lang.Object com.example.demo.controller.SignupController.postSingup(com.example.demo.dto.User,javax.servlet.http.HttpSession,org.springframework.ui.Model) 
2018:11:27 10:28:32.958 INFO  --- [main] o.s.w.s.m.m.a.RequestMappingHandlerMapping : Mapped "{[/error]}" onto public org.springframework.http.ResponseEntity<java.util.Map<java.lang.String, java.lang.Object>> org.springframework.boot.autoconfigure.web.BasicErrorController.error(javax.servlet.http.HttpServletRequest) 
2018:11:27 10:28:32.958 INFO  --- [main] o.s.w.s.m.m.a.RequestMappingHandlerMapping : Mapped "{[/error],produces=[text/html]}" onto public org.springframework.web.servlet.ModelAndView org.springframework.boot.autoconfigure.web.BasicErrorController.errorHtml(javax.servlet.http.HttpServletRequest,javax.servlet.http.HttpServletResponse) 
2018:11:27 10:28:32.988 INFO  --- [main] o.s.w.s.h.SimpleUrlHandlerMapping : Mapped URL path [/webjars/**] onto handler of type [class org.springframework.web.servlet.resource.ResourceHttpRequestHandler] 
2018:11:27 10:28:32.989 INFO  --- [main] o.s.w.s.h.SimpleUrlHandlerMapping : Mapped URL path [/**] onto handler of type [class org.springframework.web.servlet.resource.ResourceHttpRequestHandler] 
2018:11:27 10:28:33.034 INFO  --- [main] o.s.w.s.h.SimpleUrlHandlerMapping : Mapped URL path [/**/favicon.ico] onto handler of type [class org.springframework.web.servlet.resource.ResourceHttpRequestHandler] 
2018:11:27 10:28:33.066 WARN  --- [main] o.s.b.a.t.AbstractTemplateResolverConfiguration : Cannot find template location: classpath:/templates/ (please add some templates or check your Thymeleaf configuration) 
2018:11:27 10:28:33.458 INFO  --- [main] o.s.b.a.w.WebMvcAutoConfiguration$WelcomePageHandlerMapping : Adding welcome page: class path resource [static/index.html] 
2018:11:27 10:28:33.777 INFO  --- [main] o.s.j.e.a.AnnotationMBeanExporter : Registering beans for JMX exposure on startup 
2018:11:27 10:28:33.843 INFO  --- [main] o.s.b.c.e.t.TomcatEmbeddedServletContainer : Tomcat started on port(s): 8080 (http) 
2018:11:27 10:28:33.851 INFO  --- [main] c.e.demo.SpringVueMallApplication : Started SpringVueMallApplication in 3.614 seconds (JVM running for 4.253) 
2018:11:27 10:28:37.086 INFO  --- [http-nio-8080-exec-1] o.a.c.c.C.[Tomcat].[localhost].[/] : Initializing Spring FrameworkServlet 'dispatcherServlet' 
2018:11:27 10:28:37.086 INFO  --- [http-nio-8080-exec-1] o.s.web.servlet.DispatcherServlet : FrameworkServlet 'dispatcherServlet': initialization started 
2018:11:27 10:28:37.100 INFO  --- [http-nio-8080-exec-1] o.s.web.servlet.DispatcherServlet : FrameworkServlet 'dispatcherServlet': initialization completed in 14 ms 
2018:11:27 10:28:42.166 INFO  --- [http-nio-8080-exec-2] jdbc.resultsettable : 
|------|---------|-----|------|--------|
|email |password |name |phone |address |
|------|---------|-----|------|--------|
|------|---------|-----|------|--------|
 
2018:11:27 10:28:55.311 INFO  --- [http-nio-8080-exec-4] jdbc.resultsettable : 
|------|-----------------------------------------------------------------|-----|------|----------|
|email |password                                                         |name |phone |address   |
|------|-----------------------------------------------------------------|-----|------|----------|
|aa@aa |03ac674216f3e15c761ee1a5e255f067953623c8b388b4459e13f978d7c846f4 |Jack |1234  |dfsjlkdfs |
|------|-----------------------------------------------------------------|-----|------|----------|
 
2018:11:27 10:28:55.314 INFO  --- [http-nio-8080-exec-4] jdbc.resultsettable : 
|------|-----------------------------------------------------------------|-----|------|----------|
|email |password                                                         |name |phone |address   |
|------|-----------------------------------------------------------------|-----|------|----------|
|aa@aa |03ac674216f3e15c761ee1a5e255f067953623c8b388b4459e13f978d7c846f4 |Jack |1234  |dfsjlkdfs |
|------|-----------------------------------------------------------------|-----|------|----------|
 
2018:11:27 10:28:55.317 INFO  --- [http-nio-8080-exec-4] jdbc.resultsettable : 
|------|-----------------------------------------------------------------|-----|------|----------|
|email |password                                                         |name |phone |address   |
|------|-----------------------------------------------------------------|-----|------|----------|
|aa@aa |03ac674216f3e15c761ee1a5e255f067953623c8b388b4459e13f978d7c846f4 |Jack |1234  |dfsjlkdfs |
|------|-----------------------------------------------------------------|-----|------|----------|
 
2018:11:27 10:28:55.319 INFO  --- [http-nio-8080-exec-4] jdbc.resultsettable : 
|------|-----------------------------------------------------------------|-----|------|----------|
|email |password                                                         |name |phone |address   |
|------|-----------------------------------------------------------------|-----|------|----------|
|aa@aa |03ac674216f3e15c761ee1a5e255f067953623c8b388b4459e13f978d7c846f4 |Jack |1234  |dfsjlkdfs |
|------|-----------------------------------------------------------------|-----|------|----------|
 
2018:11:27 10:33:20.085 INFO  --- [http-nio-8080-exec-1] jdbc.resultsettable : 
|------|---------|-----|------|--------|
|email |password |name |phone |address |
|------|---------|-----|------|--------|
|------|---------|-----|------|--------|
 
2018:11:27 10:33:25.673 INFO  --- [http-nio-8080-exec-3] jdbc.resultsettable : 
|-----------------|-----------------------------------------------------------------|-----|-----------|-----------------------|
|email            |password                                                         |name |phone      |address                |
|-----------------|-----------------------------------------------------------------|-----|-----------|-----------------------|
|take91@naver.com |03ac674216f3e15c761ee1a5e255f067953623c8b388b4459e13f978d7c846f4 |곤홍 천 |1026750229 |삼성동 주공1차아파트 105동 1002호 |
|-----------------|-----------------------------------------------------------------|-----|-----------|-----------------------|
 
2018:11:27 10:33:25.675 INFO  --- [http-nio-8080-exec-3] jdbc.resultsettable : 
|-----------------|-----------------------------------------------------------------|-----|-----------|-----------------------|
|email            |password                                                         |name |phone      |address                |
|-----------------|-----------------------------------------------------------------|-----|-----------|-----------------------|
|take91@naver.com |03ac674216f3e15c761ee1a5e255f067953623c8b388b4459e13f978d7c846f4 |곤홍 천 |1026750229 |삼성동 주공1차아파트 105동 1002호 |
|-----------------|-----------------------------------------------------------------|-----|-----------|-----------------------|
 
2018:11:27 10:33:25.678 INFO  --- [http-nio-8080-exec-3] jdbc.resultsettable : 
|-----------------|-----------------------------------------------------------------|-----|-----------|-----------------------|
|email            |password                                                         |name |phone      |address                |
|-----------------|-----------------------------------------------------------------|-----|-----------|-----------------------|
|take91@naver.com |03ac674216f3e15c761ee1a5e255f067953623c8b388b4459e13f978d7c846f4 |곤홍 천 |1026750229 |삼성동 주공1차아파트 105동 1002호 |
|-----------------|-----------------------------------------------------------------|-----|-----------|-----------------------|
 
2018:11:27 10:33:25.681 INFO  --- [http-nio-8080-exec-3] jdbc.resultsettable : 
|-----------------|-----------------------------------------------------------------|-----|-----------|-----------------------|
|email            |password                                                         |name |phone      |address                |
|-----------------|-----------------------------------------------------------------|-----|-----------|-----------------------|
|take91@naver.com |03ac674216f3e15c761ee1a5e255f067953623c8b388b4459e13f978d7c846f4 |곤홍 천 |1026750229 |삼성동 주공1차아파트 105동 1002호 |
|-----------------|-----------------------------------------------------------------|-----|-----------|-----------------------|
 
2018:11:27 10:33:36.273 INFO  --- [RMI TCP Connection(2)-127.0.0.1] o.s.b.a.SpringApplicationAdminMXBeanRegistrar$SpringApplicationAdmin : Application shutdown requested. 
2018:11:27 10:33:36.275 INFO  --- [RMI TCP Connection(2)-127.0.0.1] o.s.b.c.e.AnnotationConfigEmbeddedWebApplicationContext : Closing org.springframework.boot.context.embedded.AnnotationConfigEmbeddedWebApplicationContext@16d04d3d: startup date [Tue Nov 27 10:28:30 KST 2018]; root of context hierarchy 
2018:11:27 10:33:36.277 INFO  --- [RMI TCP Connection(2)-127.0.0.1] o.s.j.e.a.AnnotationMBeanExporter : Unregistering JMX-exposed beans on shutdown 
2018:11:27 10:33:42.076 INFO  --- [main] c.e.demo.SpringVueMallApplication : Starting SpringVueMallApplication on cheongonhong-ui-MacBook-Pro.local with PID 1008 (/Users/Sarkh/Documents/Workspace/Spring/spring-vue-mall/target/classes started by Sarkh in /Users/Sarkh/Documents/Workspace/Spring/spring-vue-mall) 
2018:11:27 10:33:42.091 INFO  --- [main] c.e.demo.SpringVueMallApplication : No active profile set, falling back to default profiles: default 
2018:11:27 10:33:42.333 INFO  --- [main] o.s.b.c.e.AnnotationConfigEmbeddedWebApplicationContext : Refreshing org.springframework.boot.context.embedded.AnnotationConfigEmbeddedWebApplicationContext@16d04d3d: startup date [Tue Nov 27 10:33:42 KST 2018]; root of context hierarchy 
2018:11:27 10:33:43.385 INFO  --- [main] o.s.b.c.e.t.TomcatEmbeddedServletContainer : Tomcat initialized with port(s): 8080 (http) 
2018:11:27 10:33:43.404 INFO  --- [main] o.a.catalina.core.StandardService : Starting service [Tomcat] 
2018:11:27 10:33:43.405 INFO  --- [main] o.a.catalina.core.StandardEngine : Starting Servlet Engine: Apache Tomcat/8.5.34 
2018:11:27 10:33:43.471 INFO  --- [localhost-startStop-1] o.a.c.c.C.[Tomcat].[localhost].[/] : Initializing Spring embedded WebApplicationContext 
2018:11:27 10:33:43.471 INFO  --- [localhost-startStop-1] o.s.web.context.ContextLoader : Root WebApplicationContext: initialization completed in 1138 ms 
2018:11:27 10:33:43.592 INFO  --- [localhost-startStop-1] o.s.b.w.s.ServletRegistrationBean : Mapping servlet: 'dispatcherServlet' to [/] 
2018:11:27 10:33:43.594 INFO  --- [localhost-startStop-1] o.s.b.w.s.ServletRegistrationBean : Mapping servlet: 'webServlet' to [/h2-console/*] 
2018:11:27 10:33:43.597 INFO  --- [localhost-startStop-1] o.s.b.w.s.FilterRegistrationBean : Mapping filter: 'characterEncodingFilter' to: [/*] 
2018:11:27 10:33:43.598 INFO  --- [localhost-startStop-1] o.s.b.w.s.FilterRegistrationBean : Mapping filter: 'hiddenHttpMethodFilter' to: [/*] 
2018:11:27 10:33:43.599 INFO  --- [localhost-startStop-1] o.s.b.w.s.FilterRegistrationBean : Mapping filter: 'httpPutFormContentFilter' to: [/*] 
2018:11:27 10:33:43.599 INFO  --- [localhost-startStop-1] o.s.b.w.s.FilterRegistrationBean : Mapping filter: 'requestContextFilter' to: [/*] 
2018:11:27 10:33:43.968 INFO  --- [main] o.s.j.datasource.init.ScriptUtils : Executing SQL script from URL [file:/Users/Sarkh/Documents/Workspace/Spring/spring-vue-mall/target/classes/schema.sql] 
2018:11:27 10:33:43.982 INFO  --- [main] o.s.j.datasource.init.ScriptUtils : Executed SQL script from URL [file:/Users/Sarkh/Documents/Workspace/Spring/spring-vue-mall/target/classes/schema.sql] in 13 ms. 
2018:11:27 10:33:44.314 INFO  --- [main] o.s.w.s.m.m.a.RequestMappingHandlerAdapter : Looking for @ControllerAdvice: org.springframework.boot.context.embedded.AnnotationConfigEmbeddedWebApplicationContext@16d04d3d: startup date [Tue Nov 27 10:33:42 KST 2018]; root of context hierarchy 
2018:11:27 10:33:44.358 INFO  --- [main] o.s.w.s.m.m.a.RequestMappingHandlerMapping : Mapped "{[/login],methods=[POST]}" onto public java.lang.Object com.example.demo.controller.LoginController.postLogin(com.example.demo.dto.User,javax.servlet.http.HttpSession,org.springframework.ui.Model) 
2018:11:27 10:33:44.360 INFO  --- [main] o.s.w.s.m.m.a.RequestMappingHandlerMapping : Mapped "{[/signup],methods=[GET]}" onto public java.lang.Object com.example.demo.controller.SignupController.isValidAccount(java.lang.String) 
2018:11:27 10:33:44.361 INFO  --- [main] o.s.w.s.m.m.a.RequestMappingHandlerMapping : Mapped "{[/signup],methods=[POST]}" onto public java.lang.Object com.example.demo.controller.SignupController.postSingup(com.example.demo.dto.User,javax.servlet.http.HttpSession,org.springframework.ui.Model) 
2018:11:27 10:33:44.364 INFO  --- [main] o.s.w.s.m.m.a.RequestMappingHandlerMapping : Mapped "{[/error]}" onto public org.springframework.http.ResponseEntity<java.util.Map<java.lang.String, java.lang.Object>> org.springframework.boot.autoconfigure.web.BasicErrorController.error(javax.servlet.http.HttpServletRequest) 
2018:11:27 10:33:44.364 INFO  --- [main] o.s.w.s.m.m.a.RequestMappingHandlerMapping : Mapped "{[/error],produces=[text/html]}" onto public org.springframework.web.servlet.ModelAndView org.springframework.boot.autoconfigure.web.BasicErrorController.errorHtml(javax.servlet.http.HttpServletRequest,javax.servlet.http.HttpServletResponse) 
2018:11:27 10:33:44.393 INFO  --- [main] o.s.w.s.h.SimpleUrlHandlerMapping : Mapped URL path [/webjars/**] onto handler of type [class org.springframework.web.servlet.resource.ResourceHttpRequestHandler] 
2018:11:27 10:33:44.393 INFO  --- [main] o.s.w.s.h.SimpleUrlHandlerMapping : Mapped URL path [/**] onto handler of type [class org.springframework.web.servlet.resource.ResourceHttpRequestHandler] 
2018:11:27 10:33:44.431 INFO  --- [main] o.s.w.s.h.SimpleUrlHandlerMapping : Mapped URL path [/**/favicon.ico] onto handler of type [class org.springframework.web.servlet.resource.ResourceHttpRequestHandler] 
2018:11:27 10:33:44.465 WARN  --- [main] o.s.b.a.t.AbstractTemplateResolverConfiguration : Cannot find template location: classpath:/templates/ (please add some templates or check your Thymeleaf configuration) 
2018:11:27 10:33:44.993 INFO  --- [main] o.s.b.a.w.WebMvcAutoConfiguration$WelcomePageHandlerMapping : Adding welcome page: class path resource [static/index.html] 
2018:11:27 10:33:45.262 INFO  --- [main] o.s.j.e.a.AnnotationMBeanExporter : Registering beans for JMX exposure on startup 
2018:11:27 10:33:45.311 INFO  --- [main] o.s.b.c.e.t.TomcatEmbeddedServletContainer : Tomcat started on port(s): 8080 (http) 
2018:11:27 10:33:45.325 INFO  --- [main] c.e.demo.SpringVueMallApplication : Started SpringVueMallApplication in 3.568 seconds (JVM running for 4.203) 
2018:11:27 10:33:45.924 INFO  --- [http-nio-8080-exec-1] o.a.c.c.C.[Tomcat].[localhost].[/] : Initializing Spring FrameworkServlet 'dispatcherServlet' 
2018:11:27 10:33:45.924 INFO  --- [http-nio-8080-exec-1] o.s.web.servlet.DispatcherServlet : FrameworkServlet 'dispatcherServlet': initialization started 
2018:11:27 10:33:45.938 INFO  --- [http-nio-8080-exec-1] o.s.web.servlet.DispatcherServlet : FrameworkServlet 'dispatcherServlet': initialization completed in 13 ms 
2018:11:27 10:33:49.988 INFO  --- [http-nio-8080-exec-3] jdbc.resultsettable : 
|------|---------|-----|------|--------|
|email |password |name |phone |address |
|------|---------|-----|------|--------|
|------|---------|-----|------|--------|
 
2018:11:27 10:33:54.175 INFO  --- [http-nio-8080-exec-5] jdbc.resultsettable : 
|-----------------|-----------------------------------------------------------------|-----|-----------|-----------------------|
|email            |password                                                         |name |phone      |address                |
|-----------------|-----------------------------------------------------------------|-----|-----------|-----------------------|
|take91@naver.com |03ac674216f3e15c761ee1a5e255f067953623c8b388b4459e13f978d7c846f4 |곤홍 천 |1026750229 |삼성동 주공1차아파트 105동 1002호 |
|-----------------|-----------------------------------------------------------------|-----|-----------|-----------------------|
 
2018:11:27 10:33:54.178 INFO  --- [http-nio-8080-exec-5] jdbc.resultsettable : 
|-----------------|-----------------------------------------------------------------|-----|-----------|-----------------------|
|email            |password                                                         |name |phone      |address                |
|-----------------|-----------------------------------------------------------------|-----|-----------|-----------------------|
|take91@naver.com |03ac674216f3e15c761ee1a5e255f067953623c8b388b4459e13f978d7c846f4 |곤홍 천 |1026750229 |삼성동 주공1차아파트 105동 1002호 |
|-----------------|-----------------------------------------------------------------|-----|-----------|-----------------------|
 
2018:11:27 10:33:54.182 INFO  --- [http-nio-8080-exec-5] jdbc.resultsettable : 
|-----------------|-----------------------------------------------------------------|-----|-----------|-----------------------|
|email            |password                                                         |name |phone      |address                |
|-----------------|-----------------------------------------------------------------|-----|-----------|-----------------------|
|take91@naver.com |03ac674216f3e15c761ee1a5e255f067953623c8b388b4459e13f978d7c846f4 |곤홍 천 |1026750229 |삼성동 주공1차아파트 105동 1002호 |
|-----------------|-----------------------------------------------------------------|-----|-----------|-----------------------|
 
2018:11:27 10:33:54.185 INFO  --- [http-nio-8080-exec-5] jdbc.resultsettable : 
|-----------------|-----------------------------------------------------------------|-----|-----------|-----------------------|
|email            |password                                                         |name |phone      |address                |
|-----------------|-----------------------------------------------------------------|-----|-----------|-----------------------|
|take91@naver.com |03ac674216f3e15c761ee1a5e255f067953623c8b388b4459e13f978d7c846f4 |곤홍 천 |1026750229 |삼성동 주공1차아파트 105동 1002호 |
|-----------------|-----------------------------------------------------------------|-----|-----------|-----------------------|
 
2018:11:27 10:34:02.326 INFO  --- [RMI TCP Connection(2)-127.0.0.1] o.s.b.a.SpringApplicationAdminMXBeanRegistrar$SpringApplicationAdmin : Application shutdown requested. 
2018:11:27 10:34:02.327 INFO  --- [RMI TCP Connection(2)-127.0.0.1] o.s.b.c.e.AnnotationConfigEmbeddedWebApplicationContext : Closing org.springframework.boot.context.embedded.AnnotationConfigEmbeddedWebApplicationContext@16d04d3d: startup date [Tue Nov 27 10:33:42 KST 2018]; root of context hierarchy 
2018:11:27 10:34:02.328 INFO  --- [RMI TCP Connection(2)-127.0.0.1] o.s.j.e.a.AnnotationMBeanExporter : Unregistering JMX-exposed beans on shutdown 
