2018:11:30 10:11:36.601 INFO  --- [main] c.e.demo.SpringVueMallApplication : Starting SpringVueMallApplication on cheongonhong-ui-MacBook-Pro.local with PID 864 (/Users/Sarkh/Documents/Workspace/Spring/project_Mall/target/classes started by Sarkh in /Users/Sarkh/Documents/Workspace/Spring/project_Mall) 
2018:11:30 10:11:36.623 INFO  --- [main] c.e.demo.SpringVueMallApplication : No active profile set, falling back to default profiles: default 
2018:11:30 10:11:36.931 INFO  --- [main] o.s.b.c.e.AnnotationConfigEmbeddedWebApplicationContext : Refreshing org.springframework.boot.context.embedded.AnnotationConfigEmbeddedWebApplicationContext@16d04d3d: startup date [Fri Nov 30 10:11:36 KST 2018]; root of context hierarchy 
2018:11:30 10:11:38.232 INFO  --- [main] o.s.b.c.e.t.TomcatEmbeddedServletContainer : Tomcat initialized with port(s): 8080 (http) 
2018:11:30 10:11:38.257 INFO  --- [main] o.a.catalina.core.StandardService : Starting service [Tomcat] 
2018:11:30 10:11:38.258 INFO  --- [main] o.a.catalina.core.StandardEngine : Starting Servlet Engine: Apache Tomcat/8.5.34 
2018:11:30 10:11:38.338 INFO  --- [localhost-startStop-1] o.a.c.c.C.[Tomcat].[localhost].[/] : Initializing Spring embedded WebApplicationContext 
2018:11:30 10:11:38.339 INFO  --- [localhost-startStop-1] o.s.web.context.ContextLoader : Root WebApplicationContext: initialization completed in 1408 ms 
2018:11:30 10:11:38.481 INFO  --- [localhost-startStop-1] o.s.b.w.s.ServletRegistrationBean : Mapping servlet: 'dispatcherServlet' to [/] 
2018:11:30 10:11:38.482 INFO  --- [localhost-startStop-1] o.s.b.w.s.ServletRegistrationBean : Mapping servlet: 'webServlet' to [/h2-console/*] 
2018:11:30 10:11:38.486 INFO  --- [localhost-startStop-1] o.s.b.w.s.FilterRegistrationBean : Mapping filter: 'characterEncodingFilter' to: [/*] 
2018:11:30 10:11:38.487 INFO  --- [localhost-startStop-1] o.s.b.w.s.FilterRegistrationBean : Mapping filter: 'hiddenHttpMethodFilter' to: [/*] 
2018:11:30 10:11:38.487 INFO  --- [localhost-startStop-1] o.s.b.w.s.FilterRegistrationBean : Mapping filter: 'httpPutFormContentFilter' to: [/*] 
2018:11:30 10:11:38.488 INFO  --- [localhost-startStop-1] o.s.b.w.s.FilterRegistrationBean : Mapping filter: 'requestContextFilter' to: [/*] 
2018:11:30 10:11:38.929 INFO  --- [main] o.s.j.datasource.init.ScriptUtils : Executing SQL script from URL [file:/Users/Sarkh/Documents/Workspace/Spring/project_Mall/target/classes/schema.sql] 
2018:11:30 10:11:38.953 INFO  --- [main] o.s.j.datasource.init.ScriptUtils : Executed SQL script from URL [file:/Users/Sarkh/Documents/Workspace/Spring/project_Mall/target/classes/schema.sql] in 23 ms. 
2018:11:30 10:11:38.956 INFO  --- [main] o.s.j.datasource.init.ScriptUtils : Executing SQL script from URL [file:/Users/Sarkh/Documents/Workspace/Spring/project_Mall/target/classes/data.sql] 
2018:11:30 10:11:38.974 INFO  --- [main] o.s.j.datasource.init.ScriptUtils : Executed SQL script from URL [file:/Users/Sarkh/Documents/Workspace/Spring/project_Mall/target/classes/data.sql] in 18 ms. 
2018:11:30 10:11:39.365 INFO  --- [main] o.s.w.s.m.m.a.RequestMappingHandlerAdapter : Looking for @ControllerAdvice: org.springframework.boot.context.embedded.AnnotationConfigEmbeddedWebApplicationContext@16d04d3d: startup date [Fri Nov 30 10:11:36 KST 2018]; root of context hierarchy 
2018:11:30 10:11:39.428 INFO  --- [main] o.s.w.s.m.m.a.RequestMappingHandlerMapping : Mapped "{[/login],methods=[POST]}" onto public java.lang.Object com.example.demo.controller.LoginController.postLogin(com.example.demo.dto.User,javax.servlet.http.HttpSession,org.springframework.ui.Model) 
2018:11:30 10:11:39.431 INFO  --- [main] o.s.w.s.m.m.a.RequestMappingHandlerMapping : Mapped "{[/product],methods=[GET]}" onto public java.lang.Object com.example.demo.controller.ProductController.postSearch(int) 
2018:11:30 10:11:39.432 INFO  --- [main] o.s.w.s.m.m.a.RequestMappingHandlerMapping : Mapped "{[/search],methods=[GET]}" onto public java.lang.Object com.example.demo.controller.SearchController.postSearch(java.lang.String) 
2018:11:30 10:11:39.433 INFO  --- [main] o.s.w.s.m.m.a.RequestMappingHandlerMapping : Mapped "{[/signup],methods=[GET]}" onto public java.lang.Object com.example.demo.controller.SignupController.isValidAccount(java.lang.String) 
2018:11:30 10:11:39.434 INFO  --- [main] o.s.w.s.m.m.a.RequestMappingHandlerMapping : Mapped "{[/signup],methods=[POST]}" onto public java.lang.Object com.example.demo.controller.SignupController.postSingup(com.example.demo.dto.User,javax.servlet.http.HttpSession,org.springframework.ui.Model) 
2018:11:30 10:11:39.439 INFO  --- [main] o.s.w.s.m.m.a.RequestMappingHandlerMapping : Mapped "{[/error]}" onto public org.springframework.http.ResponseEntity<java.util.Map<java.lang.String, java.lang.Object>> org.springframework.boot.autoconfigure.web.BasicErrorController.error(javax.servlet.http.HttpServletRequest) 
2018:11:30 10:11:39.440 INFO  --- [main] o.s.w.s.m.m.a.RequestMappingHandlerMapping : Mapped "{[/error],produces=[text/html]}" onto public org.springframework.web.servlet.ModelAndView org.springframework.boot.autoconfigure.web.BasicErrorController.errorHtml(javax.servlet.http.HttpServletRequest,javax.servlet.http.HttpServletResponse) 
2018:11:30 10:11:39.473 INFO  --- [main] o.s.w.s.h.SimpleUrlHandlerMapping : Mapped URL path [/webjars/**] onto handler of type [class org.springframework.web.servlet.resource.ResourceHttpRequestHandler] 
2018:11:30 10:11:39.473 INFO  --- [main] o.s.w.s.h.SimpleUrlHandlerMapping : Mapped URL path [/**] onto handler of type [class org.springframework.web.servlet.resource.ResourceHttpRequestHandler] 
2018:11:30 10:11:39.520 INFO  --- [main] o.s.w.s.h.SimpleUrlHandlerMapping : Mapped URL path [/**/favicon.ico] onto handler of type [class org.springframework.web.servlet.resource.ResourceHttpRequestHandler] 
2018:11:30 10:11:39.579 WARN  --- [main] o.s.b.a.t.AbstractTemplateResolverConfiguration : Cannot find template location: classpath:/templates/ (please add some templates or check your Thymeleaf configuration) 
2018:11:30 10:11:39.955 INFO  --- [main] o.s.b.a.w.WebMvcAutoConfiguration$WelcomePageHandlerMapping : Adding welcome page: class path resource [static/index.html] 
2018:11:30 10:11:40.134 INFO  --- [main] o.s.j.e.a.AnnotationMBeanExporter : Registering beans for JMX exposure on startup 
2018:11:30 10:11:40.183 INFO  --- [main] o.s.b.c.e.t.TomcatEmbeddedServletContainer : Tomcat started on port(s): 8080 (http) 
2018:11:30 10:11:40.190 INFO  --- [main] c.e.demo.SpringVueMallApplication : Started SpringVueMallApplication in 3.986 seconds (JVM running for 4.978) 
2018:11:30 10:11:48.185 INFO  --- [RMI TCP Connection(2)-127.0.0.1] o.s.b.a.SpringApplicationAdminMXBeanRegistrar$SpringApplicationAdmin : Application shutdown requested. 
2018:11:30 10:11:48.189 INFO  --- [RMI TCP Connection(2)-127.0.0.1] o.s.b.c.e.AnnotationConfigEmbeddedWebApplicationContext : Closing org.springframework.boot.context.embedded.AnnotationConfigEmbeddedWebApplicationContext@16d04d3d: startup date [Fri Nov 30 10:11:36 KST 2018]; root of context hierarchy 
2018:11:30 10:11:48.192 INFO  --- [RMI TCP Connection(2)-127.0.0.1] o.s.j.e.a.AnnotationMBeanExporter : Unregistering JMX-exposed beans on shutdown 
2018:11:30 10:11:50.234 INFO  --- [main] c.e.demo.SpringVueMallApplication : Starting SpringVueMallApplication on cheongonhong-ui-MacBook-Pro.local with PID 865 (/Users/Sarkh/Documents/Workspace/Spring/project_Mall/target/classes started by Sarkh in /Users/Sarkh/Documents/Workspace/Spring/project_Mall) 
2018:11:30 10:11:50.264 INFO  --- [main] c.e.demo.SpringVueMallApplication : No active profile set, falling back to default profiles: default 
2018:11:30 10:11:50.499 INFO  --- [main] o.s.b.c.e.AnnotationConfigEmbeddedWebApplicationContext : Refreshing org.springframework.boot.context.embedded.AnnotationConfigEmbeddedWebApplicationContext@16d04d3d: startup date [Fri Nov 30 10:11:50 KST 2018]; root of context hierarchy 
2018:11:30 10:11:51.512 INFO  --- [main] o.s.b.c.e.t.TomcatEmbeddedServletContainer : Tomcat initialized with port(s): 8080 (http) 
2018:11:30 10:11:51.531 INFO  --- [main] o.a.catalina.core.StandardService : Starting service [Tomcat] 
2018:11:30 10:11:51.531 INFO  --- [main] o.a.catalina.core.StandardEngine : Starting Servlet Engine: Apache Tomcat/8.5.34 
2018:11:30 10:11:51.591 INFO  --- [localhost-startStop-1] o.a.c.c.C.[Tomcat].[localhost].[/] : Initializing Spring embedded WebApplicationContext 
2018:11:30 10:11:51.592 INFO  --- [localhost-startStop-1] o.s.web.context.ContextLoader : Root WebApplicationContext: initialization completed in 1093 ms 
2018:11:30 10:11:51.747 INFO  --- [localhost-startStop-1] o.s.b.w.s.ServletRegistrationBean : Mapping servlet: 'dispatcherServlet' to [/] 
2018:11:30 10:11:51.749 INFO  --- [localhost-startStop-1] o.s.b.w.s.ServletRegistrationBean : Mapping servlet: 'webServlet' to [/h2-console/*] 
2018:11:30 10:11:51.752 INFO  --- [localhost-startStop-1] o.s.b.w.s.FilterRegistrationBean : Mapping filter: 'characterEncodingFilter' to: [/*] 
2018:11:30 10:11:51.753 INFO  --- [localhost-startStop-1] o.s.b.w.s.FilterRegistrationBean : Mapping filter: 'hiddenHttpMethodFilter' to: [/*] 
2018:11:30 10:11:51.754 INFO  --- [localhost-startStop-1] o.s.b.w.s.FilterRegistrationBean : Mapping filter: 'httpPutFormContentFilter' to: [/*] 
2018:11:30 10:11:51.754 INFO  --- [localhost-startStop-1] o.s.b.w.s.FilterRegistrationBean : Mapping filter: 'requestContextFilter' to: [/*] 
2018:11:30 10:11:52.109 INFO  --- [main] o.s.j.datasource.init.ScriptUtils : Executing SQL script from URL [file:/Users/Sarkh/Documents/Workspace/Spring/project_Mall/target/classes/schema.sql] 
2018:11:30 10:11:52.130 INFO  --- [main] o.s.j.datasource.init.ScriptUtils : Executed SQL script from URL [file:/Users/Sarkh/Documents/Workspace/Spring/project_Mall/target/classes/schema.sql] in 20 ms. 
2018:11:30 10:11:52.132 INFO  --- [main] o.s.j.datasource.init.ScriptUtils : Executing SQL script from URL [file:/Users/Sarkh/Documents/Workspace/Spring/project_Mall/target/classes/data.sql] 
2018:11:30 10:11:52.149 INFO  --- [main] o.s.j.datasource.init.ScriptUtils : Executed SQL script from URL [file:/Users/Sarkh/Documents/Workspace/Spring/project_Mall/target/classes/data.sql] in 16 ms. 
2018:11:30 10:11:52.510 INFO  --- [main] o.s.w.s.m.m.a.RequestMappingHandlerAdapter : Looking for @ControllerAdvice: org.springframework.boot.context.embedded.AnnotationConfigEmbeddedWebApplicationContext@16d04d3d: startup date [Fri Nov 30 10:11:50 KST 2018]; root of context hierarchy 
2018:11:30 10:11:52.562 INFO  --- [main] o.s.w.s.m.m.a.RequestMappingHandlerMapping : Mapped "{[/login],methods=[POST]}" onto public java.lang.Object com.example.demo.controller.LoginController.postLogin(com.example.demo.dto.User,javax.servlet.http.HttpSession,org.springframework.ui.Model) 
2018:11:30 10:11:52.564 INFO  --- [main] o.s.w.s.m.m.a.RequestMappingHandlerMapping : Mapped "{[/product],methods=[GET]}" onto public java.lang.Object com.example.demo.controller.ProductController.postSearch(int) 
2018:11:30 10:11:52.565 INFO  --- [main] o.s.w.s.m.m.a.RequestMappingHandlerMapping : Mapped "{[/search],methods=[GET]}" onto public java.lang.Object com.example.demo.controller.SearchController.postSearch(java.lang.String) 
2018:11:30 10:11:52.566 INFO  --- [main] o.s.w.s.m.m.a.RequestMappingHandlerMapping : Mapped "{[/signup],methods=[GET]}" onto public java.lang.Object com.example.demo.controller.SignupController.isValidAccount(java.lang.String) 
2018:11:30 10:11:52.567 INFO  --- [main] o.s.w.s.m.m.a.RequestMappingHandlerMapping : Mapped "{[/signup],methods=[POST]}" onto public java.lang.Object com.example.demo.controller.SignupController.postSingup(com.example.demo.dto.User,javax.servlet.http.HttpSession,org.springframework.ui.Model) 
2018:11:30 10:11:52.572 INFO  --- [main] o.s.w.s.m.m.a.RequestMappingHandlerMapping : Mapped "{[/error]}" onto public org.springframework.http.ResponseEntity<java.util.Map<java.lang.String, java.lang.Object>> org.springframework.boot.autoconfigure.web.BasicErrorController.error(javax.servlet.http.HttpServletRequest) 
2018:11:30 10:11:52.573 INFO  --- [main] o.s.w.s.m.m.a.RequestMappingHandlerMapping : Mapped "{[/error],produces=[text/html]}" onto public org.springframework.web.servlet.ModelAndView org.springframework.boot.autoconfigure.web.BasicErrorController.errorHtml(javax.servlet.http.HttpServletRequest,javax.servlet.http.HttpServletResponse) 
2018:11:30 10:11:52.608 INFO  --- [main] o.s.w.s.h.SimpleUrlHandlerMapping : Mapped URL path [/webjars/**] onto handler of type [class org.springframework.web.servlet.resource.ResourceHttpRequestHandler] 
2018:11:30 10:11:52.609 INFO  --- [main] o.s.w.s.h.SimpleUrlHandlerMapping : Mapped URL path [/**] onto handler of type [class org.springframework.web.servlet.resource.ResourceHttpRequestHandler] 
2018:11:30 10:11:52.651 INFO  --- [main] o.s.w.s.h.SimpleUrlHandlerMapping : Mapped URL path [/**/favicon.ico] onto handler of type [class org.springframework.web.servlet.resource.ResourceHttpRequestHandler] 
2018:11:30 10:11:52.709 WARN  --- [main] o.s.b.a.t.AbstractTemplateResolverConfiguration : Cannot find template location: classpath:/templates/ (please add some templates or check your Thymeleaf configuration) 
2018:11:30 10:11:53.045 INFO  --- [main] o.s.b.a.w.WebMvcAutoConfiguration$WelcomePageHandlerMapping : Adding welcome page: class path resource [static/index.html] 
2018:11:30 10:11:53.217 INFO  --- [main] o.s.j.e.a.AnnotationMBeanExporter : Registering beans for JMX exposure on startup 
2018:11:30 10:11:53.262 INFO  --- [main] o.s.b.c.e.t.TomcatEmbeddedServletContainer : Tomcat started on port(s): 8080 (http) 
2018:11:30 10:11:53.266 INFO  --- [main] c.e.demo.SpringVueMallApplication : Started SpringVueMallApplication in 3.344 seconds (JVM running for 4.107) 
2018:11:30 10:12:00.885 INFO  --- [http-nio-8080-exec-1] o.a.c.c.C.[Tomcat].[localhost].[/] : Initializing Spring FrameworkServlet 'dispatcherServlet' 
2018:11:30 10:12:00.889 INFO  --- [http-nio-8080-exec-1] o.s.web.servlet.DispatcherServlet : FrameworkServlet 'dispatcherServlet': initialization started 
2018:11:30 10:12:00.944 INFO  --- [http-nio-8080-exec-1] o.s.web.servlet.DispatcherServlet : FrameworkServlet 'dispatcherServlet': initialization completed in 53 ms 
2018:11:30 10:14:59.422 INFO  --- [RMI TCP Connection(2)-127.0.0.1] o.s.b.a.SpringApplicationAdminMXBeanRegistrar$SpringApplicationAdmin : Application shutdown requested. 
2018:11:30 10:14:59.423 INFO  --- [RMI TCP Connection(2)-127.0.0.1] o.s.b.c.e.AnnotationConfigEmbeddedWebApplicationContext : Closing org.springframework.boot.context.embedded.AnnotationConfigEmbeddedWebApplicationContext@16d04d3d: startup date [Fri Nov 30 10:11:50 KST 2018]; root of context hierarchy 
2018:11:30 10:14:59.425 INFO  --- [RMI TCP Connection(2)-127.0.0.1] o.s.j.e.a.AnnotationMBeanExporter : Unregistering JMX-exposed beans on shutdown 
2018:11:30 10:15:01.487 INFO  --- [main] c.e.demo.SpringVueMallApplication : Starting SpringVueMallApplication on cheongonhong-ui-MacBook-Pro.local with PID 894 (/Users/Sarkh/Documents/Workspace/Spring/project_Mall/target/classes started by Sarkh in /Users/Sarkh/Documents/Workspace/Spring/project_Mall) 
2018:11:30 10:15:01.506 INFO  --- [main] c.e.demo.SpringVueMallApplication : No active profile set, falling back to default profiles: default 
2018:11:30 10:15:01.873 INFO  --- [main] o.s.b.c.e.AnnotationConfigEmbeddedWebApplicationContext : Refreshing org.springframework.boot.context.embedded.AnnotationConfigEmbeddedWebApplicationContext@16d04d3d: startup date [Fri Nov 30 10:15:01 KST 2018]; root of context hierarchy 
2018:11:30 10:15:03.091 INFO  --- [main] o.s.b.c.e.t.TomcatEmbeddedServletContainer : Tomcat initialized with port(s): 8080 (http) 
2018:11:30 10:15:03.112 INFO  --- [main] o.a.catalina.core.StandardService : Starting service [Tomcat] 
2018:11:30 10:15:03.113 INFO  --- [main] o.a.catalina.core.StandardEngine : Starting Servlet Engine: Apache Tomcat/8.5.34 
2018:11:30 10:15:03.177 INFO  --- [localhost-startStop-1] o.a.c.c.C.[Tomcat].[localhost].[/] : Initializing Spring embedded WebApplicationContext 
2018:11:30 10:15:03.178 INFO  --- [localhost-startStop-1] o.s.web.context.ContextLoader : Root WebApplicationContext: initialization completed in 1305 ms 
2018:11:30 10:15:03.309 INFO  --- [localhost-startStop-1] o.s.b.w.s.ServletRegistrationBean : Mapping servlet: 'dispatcherServlet' to [/] 
2018:11:30 10:15:03.310 INFO  --- [localhost-startStop-1] o.s.b.w.s.ServletRegistrationBean : Mapping servlet: 'webServlet' to [/h2-console/*] 
2018:11:30 10:15:03.313 INFO  --- [localhost-startStop-1] o.s.b.w.s.FilterRegistrationBean : Mapping filter: 'characterEncodingFilter' to: [/*] 
2018:11:30 10:15:03.314 INFO  --- [localhost-startStop-1] o.s.b.w.s.FilterRegistrationBean : Mapping filter: 'hiddenHttpMethodFilter' to: [/*] 
2018:11:30 10:15:03.315 INFO  --- [localhost-startStop-1] o.s.b.w.s.FilterRegistrationBean : Mapping filter: 'httpPutFormContentFilter' to: [/*] 
2018:11:30 10:15:03.315 INFO  --- [localhost-startStop-1] o.s.b.w.s.FilterRegistrationBean : Mapping filter: 'requestContextFilter' to: [/*] 
2018:11:30 10:15:03.655 INFO  --- [main] o.s.j.datasource.init.ScriptUtils : Executing SQL script from URL [file:/Users/Sarkh/Documents/Workspace/Spring/project_Mall/target/classes/schema.sql] 
2018:11:30 10:15:03.678 INFO  --- [main] o.s.j.datasource.init.ScriptUtils : Executed SQL script from URL [file:/Users/Sarkh/Documents/Workspace/Spring/project_Mall/target/classes/schema.sql] in 22 ms. 
2018:11:30 10:15:03.682 INFO  --- [main] o.s.j.datasource.init.ScriptUtils : Executing SQL script from URL [file:/Users/Sarkh/Documents/Workspace/Spring/project_Mall/target/classes/data.sql] 
2018:11:30 10:15:03.699 INFO  --- [main] o.s.j.datasource.init.ScriptUtils : Executed SQL script from URL [file:/Users/Sarkh/Documents/Workspace/Spring/project_Mall/target/classes/data.sql] in 16 ms. 
2018:11:30 10:15:04.042 INFO  --- [main] o.s.w.s.m.m.a.RequestMappingHandlerAdapter : Looking for @ControllerAdvice: org.springframework.boot.context.embedded.AnnotationConfigEmbeddedWebApplicationContext@16d04d3d: startup date [Fri Nov 30 10:15:01 KST 2018]; root of context hierarchy 
2018:11:30 10:15:04.092 INFO  --- [main] o.s.w.s.m.m.a.RequestMappingHandlerMapping : Mapped "{[/login],methods=[POST]}" onto public java.lang.Object com.example.demo.controller.LoginController.postLogin(com.example.demo.dto.User,javax.servlet.http.HttpSession,org.springframework.ui.Model) 
2018:11:30 10:15:04.094 INFO  --- [main] o.s.w.s.m.m.a.RequestMappingHandlerMapping : Mapped "{[/product],methods=[GET]}" onto public java.lang.Object com.example.demo.controller.ProductController.postSearch(int) 
2018:11:30 10:15:04.095 INFO  --- [main] o.s.w.s.m.m.a.RequestMappingHandlerMapping : Mapped "{[/search],methods=[GET]}" onto public java.lang.Object com.example.demo.controller.SearchController.postSearch(java.lang.String) 
2018:11:30 10:15:04.096 INFO  --- [main] o.s.w.s.m.m.a.RequestMappingHandlerMapping : Mapped "{[/signup],methods=[GET]}" onto public java.lang.Object com.example.demo.controller.SignupController.isValidAccount(java.lang.String) 
2018:11:30 10:15:04.097 INFO  --- [main] o.s.w.s.m.m.a.RequestMappingHandlerMapping : Mapped "{[/signup],methods=[POST]}" onto public java.lang.Object com.example.demo.controller.SignupController.postSingup(com.example.demo.dto.User,javax.servlet.http.HttpSession,org.springframework.ui.Model) 
2018:11:30 10:15:04.101 INFO  --- [main] o.s.w.s.m.m.a.RequestMappingHandlerMapping : Mapped "{[/error]}" onto public org.springframework.http.ResponseEntity<java.util.Map<java.lang.String, java.lang.Object>> org.springframework.boot.autoconfigure.web.BasicErrorController.error(javax.servlet.http.HttpServletRequest) 
2018:11:30 10:15:04.102 INFO  --- [main] o.s.w.s.m.m.a.RequestMappingHandlerMapping : Mapped "{[/error],produces=[text/html]}" onto public org.springframework.web.servlet.ModelAndView org.springframework.boot.autoconfigure.web.BasicErrorController.errorHtml(javax.servlet.http.HttpServletRequest,javax.servlet.http.HttpServletResponse) 
2018:11:30 10:15:04.135 INFO  --- [main] o.s.w.s.h.SimpleUrlHandlerMapping : Mapped URL path [/webjars/**] onto handler of type [class org.springframework.web.servlet.resource.ResourceHttpRequestHandler] 
2018:11:30 10:15:04.135 INFO  --- [main] o.s.w.s.h.SimpleUrlHandlerMapping : Mapped URL path [/**] onto handler of type [class org.springframework.web.servlet.resource.ResourceHttpRequestHandler] 
2018:11:30 10:15:04.175 INFO  --- [main] o.s.w.s.h.SimpleUrlHandlerMapping : Mapped URL path [/**/favicon.ico] onto handler of type [class org.springframework.web.servlet.resource.ResourceHttpRequestHandler] 
2018:11:30 10:15:04.239 WARN  --- [main] o.s.b.a.t.AbstractTemplateResolverConfiguration : Cannot find template location: classpath:/templates/ (please add some templates or check your Thymeleaf configuration) 
2018:11:30 10:15:04.574 INFO  --- [main] o.s.b.a.w.WebMvcAutoConfiguration$WelcomePageHandlerMapping : Adding welcome page: class path resource [static/index.html] 
2018:11:30 10:15:04.759 INFO  --- [main] o.s.j.e.a.AnnotationMBeanExporter : Registering beans for JMX exposure on startup 
2018:11:30 10:15:04.803 INFO  --- [main] o.s.b.c.e.t.TomcatEmbeddedServletContainer : Tomcat started on port(s): 8080 (http) 
2018:11:30 10:15:04.807 INFO  --- [main] c.e.demo.SpringVueMallApplication : Started SpringVueMallApplication in 3.741 seconds (JVM running for 4.541) 
2018:11:30 10:15:07.691 INFO  --- [http-nio-8080-exec-1] o.a.c.c.C.[Tomcat].[localhost].[/] : Initializing Spring FrameworkServlet 'dispatcherServlet' 
2018:11:30 10:15:07.692 INFO  --- [http-nio-8080-exec-1] o.s.web.servlet.DispatcherServlet : FrameworkServlet 'dispatcherServlet': initialization started 
2018:11:30 10:15:07.707 INFO  --- [http-nio-8080-exec-1] o.s.web.servlet.DispatcherServlet : FrameworkServlet 'dispatcherServlet': initialization completed in 15 ms 
2018:11:30 10:16:10.801 INFO  --- [http-nio-8080-exec-1] jdbc.resultsettable : 
|---|-----|--------|--------|-------|----------------|---------|-----|-------|
|id |name |price   |image   |detail |delivery_charge |hitcount |size |color  |
|---|-----|--------|--------|-------|----------------|---------|-----|-------|
|1  |나이키  |100000  |ho1.jpg |보기     |무료 배송           |0        |     |[null] |
|2  |나이키  |5000    |ho2.jpg |보기     |무료 배송           |0        |     |[null] |
|3  |나이키  |2525211 |ho1.jpg |보기     |무료 배송           |0        |     |[null] |
|---|-----|--------|--------|-------|----------------|---------|-----|-------|
 
2018:11:30 10:16:13.029 INFO  --- [http-nio-8080-exec-3] jdbc.resultsettable : 
|---|-----|------|--------|-------|----------------|---------|-----|-------|
|id |name |price |image   |detail |delivery_charge |hitcount |size |color  |
|---|-----|------|--------|-------|----------------|---------|-----|-------|
|2  |나이키  |5000  |ho2.jpg |보기     |무료 배송           |0        |     |[null] |
|---|-----|------|--------|-------|----------------|---------|-----|-------|
 
2018:11:30 10:16:42.111 INFO  --- [RMI TCP Connection(2)-127.0.0.1] o.s.b.a.SpringApplicationAdminMXBeanRegistrar$SpringApplicationAdmin : Application shutdown requested. 
2018:11:30 10:16:42.115 INFO  --- [RMI TCP Connection(2)-127.0.0.1] o.s.b.c.e.AnnotationConfigEmbeddedWebApplicationContext : Closing org.springframework.boot.context.embedded.AnnotationConfigEmbeddedWebApplicationContext@16d04d3d: startup date [Fri Nov 30 10:15:01 KST 2018]; root of context hierarchy 
2018:11:30 10:16:42.117 INFO  --- [RMI TCP Connection(2)-127.0.0.1] o.s.j.e.a.AnnotationMBeanExporter : Unregistering JMX-exposed beans on shutdown 
2018:11:30 10:19:18.571 INFO  --- [main] c.e.demo.SpringVueMallApplication : Starting SpringVueMallApplication on cheongonhong-ui-MacBook-Pro.local with PID 923 (/Users/Sarkh/Documents/Workspace/Spring/project_Mall/target/classes started by Sarkh in /Users/Sarkh/Documents/Workspace/Spring/project_Mall) 
2018:11:30 10:19:18.586 INFO  --- [main] c.e.demo.SpringVueMallApplication : No active profile set, falling back to default profiles: default 
2018:11:30 10:19:18.826 INFO  --- [main] o.s.b.c.e.AnnotationConfigEmbeddedWebApplicationContext : Refreshing org.springframework.boot.context.embedded.AnnotationConfigEmbeddedWebApplicationContext@16d04d3d: startup date [Fri Nov 30 10:19:18 KST 2018]; root of context hierarchy 
2018:11:30 10:19:19.838 INFO  --- [main] o.s.b.c.e.t.TomcatEmbeddedServletContainer : Tomcat initialized with port(s): 8080 (http) 
2018:11:30 10:19:19.855 INFO  --- [main] o.a.catalina.core.StandardService : Starting service [Tomcat] 
2018:11:30 10:19:19.856 INFO  --- [main] o.a.catalina.core.StandardEngine : Starting Servlet Engine: Apache Tomcat/8.5.34 
2018:11:30 10:19:19.921 INFO  --- [localhost-startStop-1] o.a.c.c.C.[Tomcat].[localhost].[/] : Initializing Spring embedded WebApplicationContext 
2018:11:30 10:19:19.922 INFO  --- [localhost-startStop-1] o.s.web.context.ContextLoader : Root WebApplicationContext: initialization completed in 1096 ms 
2018:11:30 10:19:20.053 INFO  --- [localhost-startStop-1] o.s.b.w.s.ServletRegistrationBean : Mapping servlet: 'dispatcherServlet' to [/] 
2018:11:30 10:19:20.055 INFO  --- [localhost-startStop-1] o.s.b.w.s.ServletRegistrationBean : Mapping servlet: 'webServlet' to [/h2-console/*] 
2018:11:30 10:19:20.057 INFO  --- [localhost-startStop-1] o.s.b.w.s.FilterRegistrationBean : Mapping filter: 'characterEncodingFilter' to: [/*] 
2018:11:30 10:19:20.058 INFO  --- [localhost-startStop-1] o.s.b.w.s.FilterRegistrationBean : Mapping filter: 'hiddenHttpMethodFilter' to: [/*] 
2018:11:30 10:19:20.058 INFO  --- [localhost-startStop-1] o.s.b.w.s.FilterRegistrationBean : Mapping filter: 'httpPutFormContentFilter' to: [/*] 
2018:11:30 10:19:20.058 INFO  --- [localhost-startStop-1] o.s.b.w.s.FilterRegistrationBean : Mapping filter: 'requestContextFilter' to: [/*] 
2018:11:30 10:19:20.400 INFO  --- [main] o.s.j.datasource.init.ScriptUtils : Executing SQL script from URL [file:/Users/Sarkh/Documents/Workspace/Spring/project_Mall/target/classes/schema.sql] 
2018:11:30 10:19:20.422 INFO  --- [main] o.s.j.datasource.init.ScriptUtils : Executed SQL script from URL [file:/Users/Sarkh/Documents/Workspace/Spring/project_Mall/target/classes/schema.sql] in 21 ms. 
2018:11:30 10:19:20.425 INFO  --- [main] o.s.j.datasource.init.ScriptUtils : Executing SQL script from URL [file:/Users/Sarkh/Documents/Workspace/Spring/project_Mall/target/classes/data.sql] 
2018:11:30 10:19:20.441 INFO  --- [main] o.s.j.datasource.init.ScriptUtils : Executed SQL script from URL [file:/Users/Sarkh/Documents/Workspace/Spring/project_Mall/target/classes/data.sql] in 16 ms. 
2018:11:30 10:19:20.778 INFO  --- [main] o.s.w.s.m.m.a.RequestMappingHandlerAdapter : Looking for @ControllerAdvice: org.springframework.boot.context.embedded.AnnotationConfigEmbeddedWebApplicationContext@16d04d3d: startup date [Fri Nov 30 10:19:18 KST 2018]; root of context hierarchy 
2018:11:30 10:19:20.827 INFO  --- [main] o.s.w.s.m.m.a.RequestMappingHandlerMapping : Mapped "{[/login],methods=[POST]}" onto public java.lang.Object com.example.demo.controller.LoginController.postLogin(com.example.demo.dto.User,javax.servlet.http.HttpSession,org.springframework.ui.Model) 
2018:11:30 10:19:20.830 INFO  --- [main] o.s.w.s.m.m.a.RequestMappingHandlerMapping : Mapped "{[/product],methods=[GET]}" onto public java.lang.Object com.example.demo.controller.ProductController.postSearch(int) 
2018:11:30 10:19:20.832 INFO  --- [main] o.s.w.s.m.m.a.RequestMappingHandlerMapping : Mapped "{[/search],methods=[GET]}" onto public java.lang.Object com.example.demo.controller.SearchController.postSearch(java.lang.String) 
2018:11:30 10:19:20.834 INFO  --- [main] o.s.w.s.m.m.a.RequestMappingHandlerMapping : Mapped "{[/signup],methods=[GET]}" onto public java.lang.Object com.example.demo.controller.SignupController.isValidAccount(java.lang.String) 
2018:11:30 10:19:20.834 INFO  --- [main] o.s.w.s.m.m.a.RequestMappingHandlerMapping : Mapped "{[/signup],methods=[POST]}" onto public java.lang.Object com.example.demo.controller.SignupController.postSingup(com.example.demo.dto.User,javax.servlet.http.HttpSession,org.springframework.ui.Model) 
2018:11:30 10:19:20.839 INFO  --- [main] o.s.w.s.m.m.a.RequestMappingHandlerMapping : Mapped "{[/error]}" onto public org.springframework.http.ResponseEntity<java.util.Map<java.lang.String, java.lang.Object>> org.springframework.boot.autoconfigure.web.BasicErrorController.error(javax.servlet.http.HttpServletRequest) 
2018:11:30 10:19:20.840 INFO  --- [main] o.s.w.s.m.m.a.RequestMappingHandlerMapping : Mapped "{[/error],produces=[text/html]}" onto public org.springframework.web.servlet.ModelAndView org.springframework.boot.autoconfigure.web.BasicErrorController.errorHtml(javax.servlet.http.HttpServletRequest,javax.servlet.http.HttpServletResponse) 
2018:11:30 10:19:20.879 INFO  --- [main] o.s.w.s.h.SimpleUrlHandlerMapping : Mapped URL path [/webjars/**] onto handler of type [class org.springframework.web.servlet.resource.ResourceHttpRequestHandler] 
2018:11:30 10:19:20.881 INFO  --- [main] o.s.w.s.h.SimpleUrlHandlerMapping : Mapped URL path [/**] onto handler of type [class org.springframework.web.servlet.resource.ResourceHttpRequestHandler] 
2018:11:30 10:19:20.943 INFO  --- [main] o.s.w.s.h.SimpleUrlHandlerMapping : Mapped URL path [/**/favicon.ico] onto handler of type [class org.springframework.web.servlet.resource.ResourceHttpRequestHandler] 
2018:11:30 10:19:21.011 WARN  --- [main] o.s.b.a.t.AbstractTemplateResolverConfiguration : Cannot find template location: classpath:/templates/ (please add some templates or check your Thymeleaf configuration) 
2018:11:30 10:19:21.367 INFO  --- [main] o.s.b.a.w.WebMvcAutoConfiguration$WelcomePageHandlerMapping : Adding welcome page: class path resource [static/index.html] 
2018:11:30 10:19:21.537 INFO  --- [main] o.s.j.e.a.AnnotationMBeanExporter : Registering beans for JMX exposure on startup 
2018:11:30 10:19:21.578 INFO  --- [main] o.s.b.c.e.t.TomcatEmbeddedServletContainer : Tomcat started on port(s): 8080 (http) 
2018:11:30 10:19:21.585 INFO  --- [main] c.e.demo.SpringVueMallApplication : Started SpringVueMallApplication in 3.316 seconds (JVM running for 3.995) 
2018:11:30 10:19:23.839 INFO  --- [http-nio-8080-exec-1] o.a.c.c.C.[Tomcat].[localhost].[/] : Initializing Spring FrameworkServlet 'dispatcherServlet' 
2018:11:30 10:19:23.839 INFO  --- [http-nio-8080-exec-1] o.s.web.servlet.DispatcherServlet : FrameworkServlet 'dispatcherServlet': initialization started 
2018:11:30 10:19:23.853 INFO  --- [http-nio-8080-exec-1] o.s.web.servlet.DispatcherServlet : FrameworkServlet 'dispatcherServlet': initialization completed in 13 ms 
2018:11:30 10:19:41.359 INFO  --- [http-nio-8080-exec-8] jdbc.resultsettable : 
|---|-----|------|--------|-------|----------------|---------|-----|-------|
|id |name |price |image   |detail |delivery_charge |hitcount |size |color  |
|---|-----|------|--------|-------|----------------|---------|-----|-------|
|4  |청바지  |18615 |ho2.jpg |보기     |무료 배송           |0        |     |[null] |
|5  |청바지  |12122 |ho1.jpg |보기     |무료 배송           |0        |     |[null] |
|6  |청바지  |12122 |ho2.jpg |보기     |무료 배송           |0        |     |[null] |
|---|-----|------|--------|-------|----------------|---------|-----|-------|
 
2018:11:30 10:19:41.842 INFO  --- [http-nio-8080-exec-9] jdbc.resultsettable : 
|---|-----|------|--------|-------|----------------|---------|-----|-------|
|id |name |price |image   |detail |delivery_charge |hitcount |size |color  |
|---|-----|------|--------|-------|----------------|---------|-----|-------|
|4  |청바지  |18615 |ho2.jpg |보기     |무료 배송           |0        |     |[null] |
|5  |청바지  |12122 |ho1.jpg |보기     |무료 배송           |0        |     |[null] |
|6  |청바지  |12122 |ho2.jpg |보기     |무료 배송           |0        |     |[null] |
|---|-----|------|--------|-------|----------------|---------|-----|-------|
 
2018:11:30 10:19:41.999 INFO  --- [http-nio-8080-exec-10] jdbc.resultsettable : 
|---|-----|------|--------|-------|----------------|---------|-----|-------|
|id |name |price |image   |detail |delivery_charge |hitcount |size |color  |
|---|-----|------|--------|-------|----------------|---------|-----|-------|
|4  |청바지  |18615 |ho2.jpg |보기     |무료 배송           |0        |     |[null] |
|5  |청바지  |12122 |ho1.jpg |보기     |무료 배송           |0        |     |[null] |
|6  |청바지  |12122 |ho2.jpg |보기     |무료 배송           |0        |     |[null] |
|---|-----|------|--------|-------|----------------|---------|-----|-------|
 
2018:11:30 10:19:42.151 INFO  --- [http-nio-8080-exec-1] jdbc.resultsettable : 
|---|-----|------|--------|-------|----------------|---------|-----|-------|
|id |name |price |image   |detail |delivery_charge |hitcount |size |color  |
|---|-----|------|--------|-------|----------------|---------|-----|-------|
|4  |청바지  |18615 |ho2.jpg |보기     |무료 배송           |0        |     |[null] |
|5  |청바지  |12122 |ho1.jpg |보기     |무료 배송           |0        |     |[null] |
|6  |청바지  |12122 |ho2.jpg |보기     |무료 배송           |0        |     |[null] |
|---|-----|------|--------|-------|----------------|---------|-----|-------|
 
2018:11:30 10:19:50.414 INFO  --- [http-nio-8080-exec-5] jdbc.resultsettable : 
|---|-----|--------|--------|-------|----------------|---------|-----|-------|
|id |name |price   |image   |detail |delivery_charge |hitcount |size |color  |
|---|-----|--------|--------|-------|----------------|---------|-----|-------|
|7  |유아옷  |41812   |ho2.jpg |보기     |무료 배송           |0        |     |[null] |
|8  |유아옷  |1851521 |ho2.jpg |보기     |무료 배송           |0        |     |[null] |
|9  |유아옷  |52156   |ho2.jpg |보기     |무료 배송           |0        |     |[null] |
|---|-----|--------|--------|-------|----------------|---------|-----|-------|
 
2018:11:30 10:20:03.560 INFO  --- [http-nio-8080-exec-10] jdbc.resultsettable : 
|---|-----|------|--------|-------|----------------|---------|-----|-------|
|id |name |price |image   |detail |delivery_charge |hitcount |size |color  |
|---|-----|------|--------|-------|----------------|---------|-----|-------|
|4  |청바지  |18615 |ho2.jpg |보기     |무료 배송           |0        |     |[null] |
|5  |청바지  |12122 |ho1.jpg |보기     |무료 배송           |0        |     |[null] |
|6  |청바지  |12122 |ho2.jpg |보기     |무료 배송           |0        |     |[null] |
|---|-----|------|--------|-------|----------------|---------|-----|-------|
 
2018:11:30 10:20:03.957 INFO  --- [http-nio-8080-exec-1] jdbc.resultsettable : 
|---|-----|------|--------|-------|----------------|---------|-----|-------|
|id |name |price |image   |detail |delivery_charge |hitcount |size |color  |
|---|-----|------|--------|-------|----------------|---------|-----|-------|
|4  |청바지  |18615 |ho2.jpg |보기     |무료 배송           |0        |     |[null] |
|5  |청바지  |12122 |ho1.jpg |보기     |무료 배송           |0        |     |[null] |
|6  |청바지  |12122 |ho2.jpg |보기     |무료 배송           |0        |     |[null] |
|---|-----|------|--------|-------|----------------|---------|-----|-------|
 
2018:11:30 10:20:04.129 INFO  --- [http-nio-8080-exec-3] jdbc.resultsettable : 
|---|-----|------|--------|-------|----------------|---------|-----|-------|
|id |name |price |image   |detail |delivery_charge |hitcount |size |color  |
|---|-----|------|--------|-------|----------------|---------|-----|-------|
|4  |청바지  |18615 |ho2.jpg |보기     |무료 배송           |0        |     |[null] |
|5  |청바지  |12122 |ho1.jpg |보기     |무료 배송           |0        |     |[null] |
|6  |청바지  |12122 |ho2.jpg |보기     |무료 배송           |0        |     |[null] |
|---|-----|------|--------|-------|----------------|---------|-----|-------|
 
2018:11:30 10:20:04.273 INFO  --- [http-nio-8080-exec-4] jdbc.resultsettable : 
|---|-----|------|--------|-------|----------------|---------|-----|-------|
|id |name |price |image   |detail |delivery_charge |hitcount |size |color  |
|---|-----|------|--------|-------|----------------|---------|-----|-------|
|4  |청바지  |18615 |ho2.jpg |보기     |무료 배송           |0        |     |[null] |
|5  |청바지  |12122 |ho1.jpg |보기     |무료 배송           |0        |     |[null] |
|6  |청바지  |12122 |ho2.jpg |보기     |무료 배송           |0        |     |[null] |
|---|-----|------|--------|-------|----------------|---------|-----|-------|
 
2018:11:30 10:20:04.420 INFO  --- [http-nio-8080-exec-5] jdbc.resultsettable : 
|---|-----|------|--------|-------|----------------|---------|-----|-------|
|id |name |price |image   |detail |delivery_charge |hitcount |size |color  |
|---|-----|------|--------|-------|----------------|---------|-----|-------|
|4  |청바지  |18615 |ho2.jpg |보기     |무료 배송           |0        |     |[null] |
|5  |청바지  |12122 |ho1.jpg |보기     |무료 배송           |0        |     |[null] |
|6  |청바지  |12122 |ho2.jpg |보기     |무료 배송           |0        |     |[null] |
|---|-----|------|--------|-------|----------------|---------|-----|-------|
 
2018:11:30 10:20:04.563 INFO  --- [http-nio-8080-exec-2] jdbc.resultsettable : 
|---|-----|------|--------|-------|----------------|---------|-----|-------|
|id |name |price |image   |detail |delivery_charge |hitcount |size |color  |
|---|-----|------|--------|-------|----------------|---------|-----|-------|
|4  |청바지  |18615 |ho2.jpg |보기     |무료 배송           |0        |     |[null] |
|5  |청바지  |12122 |ho1.jpg |보기     |무료 배송           |0        |     |[null] |
|6  |청바지  |12122 |ho2.jpg |보기     |무료 배송           |0        |     |[null] |
|---|-----|------|--------|-------|----------------|---------|-----|-------|
 
2018:11:30 10:20:12.119 INFO  --- [http-nio-8080-exec-7] jdbc.resultsettable : 
|---|-----|--------|--------|-------|----------------|---------|-----|-------|
|id |name |price   |image   |detail |delivery_charge |hitcount |size |color  |
|---|-----|--------|--------|-------|----------------|---------|-----|-------|
|1  |나이키  |100000  |ho1.jpg |보기     |무료 배송           |0        |     |[null] |
|2  |나이키  |5000    |ho2.jpg |보기     |무료 배송           |0        |     |[null] |
|3  |나이키  |2525211 |ho1.jpg |보기     |무료 배송           |0        |     |[null] |
|---|-----|--------|--------|-------|----------------|---------|-----|-------|
 
2018:11:30 10:20:16.049 INFO  --- [http-nio-8080-exec-8] jdbc.resultsettable : 
|---|-----|--------|--------|-------|----------------|---------|-----|-------|
|id |name |price   |image   |detail |delivery_charge |hitcount |size |color  |
|---|-----|--------|--------|-------|----------------|---------|-----|-------|
|7  |유아옷  |41812   |ho2.jpg |보기     |무료 배송           |0        |     |[null] |
|8  |유아옷  |1851521 |ho2.jpg |보기     |무료 배송           |0        |     |[null] |
|9  |유아옷  |52156   |ho2.jpg |보기     |무료 배송           |0        |     |[null] |
|---|-----|--------|--------|-------|----------------|---------|-----|-------|
 
2018:11:30 10:20:23.517 INFO  --- [http-nio-8080-exec-10] jdbc.resultsettable : 
|---|-----|------|------|-------|----------------|---------|-----|------|
|id |name |price |image |detail |delivery_charge |hitcount |size |color |
|---|-----|------|------|-------|----------------|---------|-----|------|
|---|-----|------|------|-------|----------------|---------|-----|------|
 
2018:11:30 10:20:28.663 INFO  --- [http-nio-8080-exec-1] jdbc.resultsettable : 
|---|-----|------|------|-------|----------------|---------|-----|------|
|id |name |price |image |detail |delivery_charge |hitcount |size |color |
|---|-----|------|------|-------|----------------|---------|-----|------|
|---|-----|------|------|-------|----------------|---------|-----|------|
 
2018:11:30 10:20:29.109 INFO  --- [http-nio-8080-exec-3] jdbc.resultsettable : 
|---|-----|------|------|-------|----------------|---------|-----|------|
|id |name |price |image |detail |delivery_charge |hitcount |size |color |
|---|-----|------|------|-------|----------------|---------|-----|------|
|---|-----|------|------|-------|----------------|---------|-----|------|
 
2018:11:30 10:20:29.262 INFO  --- [http-nio-8080-exec-4] jdbc.resultsettable : 
|---|-----|------|------|-------|----------------|---------|-----|------|
|id |name |price |image |detail |delivery_charge |hitcount |size |color |
|---|-----|------|------|-------|----------------|---------|-----|------|
|---|-----|------|------|-------|----------------|---------|-----|------|
 
2018:11:30 10:20:37.437 INFO  --- [http-nio-8080-exec-5] jdbc.resultsettable : 
|---|------|-------|--------|-------|----------------|---------|-----|-------|
|id |name  |price  |image   |detail |delivery_charge |hitcount |size |color  |
|---|------|-------|--------|-------|----------------|---------|-----|-------|
|13 |에어프라이 |100000 |ho1.jpg |보기     |무료 배송           |0        |     |[null] |
|14 |에어프라이 |3211   |ho2.jpg |보기     |무료 배송           |0        |     |[null] |
|15 |에어프라이 |65156  |ho2.jpg |보기     |무료 배송           |0        |     |[null] |
|---|------|-------|--------|-------|----------------|---------|-----|-------|
 
2018:11:30 10:20:53.707 INFO  --- [http-nio-8080-exec-6] jdbc.resultsettable : 
|---|-----|--------|--------|-------|----------------|---------|-----|-------|
|id |name |price   |image   |detail |delivery_charge |hitcount |size |color  |
|---|-----|--------|--------|-------|----------------|---------|-----|-------|
|7  |유아옷  |41812   |ho2.jpg |보기     |무료 배송           |0        |     |[null] |
|8  |유아옷  |1851521 |ho2.jpg |보기     |무료 배송           |0        |     |[null] |
|9  |유아옷  |52156   |ho2.jpg |보기     |무료 배송           |0        |     |[null] |
|---|-----|--------|--------|-------|----------------|---------|-----|-------|
 
2018:11:30 10:22:09.802 INFO  --- [RMI TCP Connection(2)-127.0.0.1] o.s.b.a.SpringApplicationAdminMXBeanRegistrar$SpringApplicationAdmin : Application shutdown requested. 
2018:11:30 10:22:09.803 INFO  --- [RMI TCP Connection(2)-127.0.0.1] o.s.b.c.e.AnnotationConfigEmbeddedWebApplicationContext : Closing org.springframework.boot.context.embedded.AnnotationConfigEmbeddedWebApplicationContext@16d04d3d: startup date [Fri Nov 30 10:19:18 KST 2018]; root of context hierarchy 
2018:11:30 10:22:09.805 INFO  --- [RMI TCP Connection(2)-127.0.0.1] o.s.j.e.a.AnnotationMBeanExporter : Unregistering JMX-exposed beans on shutdown 
