2018:12:05 11:13:04.385 INFO  --- [main] c.e.demo.SpringVueMallApplication : Starting SpringVueMallApplication on co1 with PID 1840 (C:\Users\TopC290\Documents\SONG\Spring\Project\project_Mall\target\classes started by TopC290 in C:\Users\TopC290\Documents\SONG\Spring\Project\project_Mall) 
2018:12:05 11:13:04.461 INFO  --- [main] c.e.demo.SpringVueMallApplication : No active profile set, falling back to default profiles: default 
2018:12:05 11:13:05.110 INFO  --- [main] o.s.b.c.e.AnnotationConfigEmbeddedWebApplicationContext : Refreshing org.springframework.boot.context.embedded.AnnotationConfigEmbeddedWebApplicationContext@399f45b1: startup date [Wed Dec 05 11:13:05 KST 2018]; root of context hierarchy 
2018:12:05 11:13:07.446 INFO  --- [main] o.s.b.c.e.t.TomcatEmbeddedServletContainer : Tomcat initialized with port(s): 8080 (http) 
2018:12:05 11:13:07.487 INFO  --- [main] o.a.catalina.core.StandardService : Starting service [Tomcat] 
2018:12:05 11:13:07.487 INFO  --- [main] o.a.catalina.core.StandardEngine : Starting Servlet Engine: Apache Tomcat/8.5.34 
2018:12:05 11:13:07.920 INFO  --- [localhost-startStop-1] o.a.c.c.C.[Tomcat].[localhost].[/] : Initializing Spring embedded WebApplicationContext 
2018:12:05 11:13:07.921 INFO  --- [localhost-startStop-1] o.s.web.context.ContextLoader : Root WebApplicationContext: initialization completed in 2811 ms 
2018:12:05 11:13:08.094 INFO  --- [localhost-startStop-1] o.s.b.w.s.ServletRegistrationBean : Mapping servlet: 'dispatcherServlet' to [/] 
2018:12:05 11:13:08.096 INFO  --- [localhost-startStop-1] o.s.b.w.s.ServletRegistrationBean : Mapping servlet: 'webServlet' to [/h2-console/*] 
2018:12:05 11:13:08.099 INFO  --- [localhost-startStop-1] o.s.b.w.s.FilterRegistrationBean : Mapping filter: 'characterEncodingFilter' to: [/*] 
2018:12:05 11:13:08.100 INFO  --- [localhost-startStop-1] o.s.b.w.s.FilterRegistrationBean : Mapping filter: 'hiddenHttpMethodFilter' to: [/*] 
2018:12:05 11:13:08.101 INFO  --- [localhost-startStop-1] o.s.b.w.s.FilterRegistrationBean : Mapping filter: 'httpPutFormContentFilter' to: [/*] 
2018:12:05 11:13:08.102 INFO  --- [localhost-startStop-1] o.s.b.w.s.FilterRegistrationBean : Mapping filter: 'requestContextFilter' to: [/*] 
2018:12:05 11:13:08.806 INFO  --- [main] o.s.j.datasource.init.ScriptUtils : Executing SQL script from URL [file:/C:/Users/TopC290/Documents/SONG/Spring/Project/project_Mall/target/classes/schema.sql] 
2018:12:05 11:13:08.899 INFO  --- [main] o.s.j.datasource.init.ScriptUtils : Executed SQL script from URL [file:/C:/Users/TopC290/Documents/SONG/Spring/Project/project_Mall/target/classes/schema.sql] in 93 ms. 
2018:12:05 11:13:08.903 INFO  --- [main] o.s.j.datasource.init.ScriptUtils : Executing SQL script from URL [file:/C:/Users/TopC290/Documents/SONG/Spring/Project/project_Mall/target/classes/data.sql] 
2018:12:05 11:13:08.947 INFO  --- [main] o.s.j.datasource.init.ScriptUtils : Executed SQL script from URL [file:/C:/Users/TopC290/Documents/SONG/Spring/Project/project_Mall/target/classes/data.sql] in 44 ms. 
2018:12:05 11:13:09.766 INFO  --- [main] o.s.w.s.m.m.a.RequestMappingHandlerAdapter : Looking for @ControllerAdvice: org.springframework.boot.context.embedded.AnnotationConfigEmbeddedWebApplicationContext@399f45b1: startup date [Wed Dec 05 11:13:05 KST 2018]; root of context hierarchy 
2018:12:05 11:13:09.832 INFO  --- [main] o.s.w.s.m.m.a.RequestMappingHandlerMapping : Mapped "{[/cart],methods=[DELETE]}" onto public void com.example.demo.controller.CartController.deleteCart(com.example.demo.dto.Cart) 
2018:12:05 11:13:09.834 INFO  --- [main] o.s.w.s.m.m.a.RequestMappingHandlerMapping : Mapped "{[/cart],methods=[GET]}" onto public java.lang.Object com.example.demo.controller.CartController.getCart(java.lang.String) 
2018:12:05 11:13:09.835 INFO  --- [main] o.s.w.s.m.m.a.RequestMappingHandlerMapping : Mapped "{[/cart],methods=[POST]}" onto public java.lang.Object com.example.demo.controller.CartController.postCart(com.example.demo.dto.Cart) 
2018:12:05 11:13:09.836 INFO  --- [main] o.s.w.s.m.m.a.RequestMappingHandlerMapping : Mapped "{[/login],methods=[POST]}" onto public java.lang.Object com.example.demo.controller.LoginController.postLogin(com.example.demo.dto.User) 
2018:12:05 11:13:09.837 INFO  --- [main] o.s.w.s.m.m.a.RequestMappingHandlerMapping : Mapped "{[/order],methods=[POST]}" onto public java.lang.Object com.example.demo.controller.OrderController.postOrder() 
2018:12:05 11:13:09.839 INFO  --- [main] o.s.w.s.m.m.a.RequestMappingHandlerMapping : Mapped "{[/product],methods=[GET]}" onto public java.lang.Object com.example.demo.controller.ProductController.postSearch(int) 
2018:12:05 11:13:09.840 INFO  --- [main] o.s.w.s.m.m.a.RequestMappingHandlerMapping : Mapped "{[/search],methods=[GET]}" onto public java.lang.Object com.example.demo.controller.SearchController.postSearch(java.lang.String) 
2018:12:05 11:13:09.841 INFO  --- [main] o.s.w.s.m.m.a.RequestMappingHandlerMapping : Mapped "{[/signup],methods=[GET]}" onto public java.lang.Object com.example.demo.controller.SignupController.isValidAccount(java.lang.String) 
2018:12:05 11:13:09.841 INFO  --- [main] o.s.w.s.m.m.a.RequestMappingHandlerMapping : Mapped "{[/signup],methods=[POST]}" onto public java.lang.Object com.example.demo.controller.SignupController.postSingup(com.example.demo.dto.User,javax.servlet.http.HttpSession,org.springframework.ui.Model) 
2018:12:05 11:13:09.844 INFO  --- [main] o.s.w.s.m.m.a.RequestMappingHandlerMapping : Mapped "{[/error]}" onto public org.springframework.http.ResponseEntity<java.util.Map<java.lang.String, java.lang.Object>> org.springframework.boot.autoconfigure.web.BasicErrorController.error(javax.servlet.http.HttpServletRequest) 
2018:12:05 11:13:09.844 INFO  --- [main] o.s.w.s.m.m.a.RequestMappingHandlerMapping : Mapped "{[/error],produces=[text/html]}" onto public org.springframework.web.servlet.ModelAndView org.springframework.boot.autoconfigure.web.BasicErrorController.errorHtml(javax.servlet.http.HttpServletRequest,javax.servlet.http.HttpServletResponse) 
2018:12:05 11:13:09.878 INFO  --- [main] o.s.w.s.h.SimpleUrlHandlerMapping : Mapped URL path [/webjars/**] onto handler of type [class org.springframework.web.servlet.resource.ResourceHttpRequestHandler] 
2018:12:05 11:13:09.878 INFO  --- [main] o.s.w.s.h.SimpleUrlHandlerMapping : Mapped URL path [/**] onto handler of type [class org.springframework.web.servlet.resource.ResourceHttpRequestHandler] 
2018:12:05 11:13:09.927 INFO  --- [main] o.s.w.s.h.SimpleUrlHandlerMapping : Mapped URL path [/**/favicon.ico] onto handler of type [class org.springframework.web.servlet.resource.ResourceHttpRequestHandler] 
2018:12:05 11:13:09.961 WARN  --- [main] o.s.b.a.t.AbstractTemplateResolverConfiguration : Cannot find template location: classpath:/templates/ (please add some templates or check your Thymeleaf configuration) 
2018:12:05 11:13:10.521 INFO  --- [main] o.s.b.a.w.WebMvcAutoConfiguration$WelcomePageHandlerMapping : Adding welcome page: class path resource [static/index.html] 
2018:12:05 11:13:10.784 INFO  --- [main] o.s.j.e.a.AnnotationMBeanExporter : Registering beans for JMX exposure on startup 
2018:12:05 11:13:10.922 INFO  --- [main] o.s.b.c.e.t.TomcatEmbeddedServletContainer : Tomcat started on port(s): 8080 (http) 
2018:12:05 11:13:10.926 INFO  --- [main] c.e.demo.SpringVueMallApplication : Started SpringVueMallApplication in 7.659 seconds (JVM running for 12.121) 
2018:12:05 11:13:29.308 INFO  --- [http-nio-8080-exec-1] o.a.c.c.C.[Tomcat].[localhost].[/] : Initializing Spring FrameworkServlet 'dispatcherServlet' 
2018:12:05 11:13:29.310 INFO  --- [http-nio-8080-exec-1] o.s.web.servlet.DispatcherServlet : FrameworkServlet 'dispatcherServlet': initialization started 
2018:12:05 11:13:29.330 INFO  --- [http-nio-8080-exec-1] o.s.web.servlet.DispatcherServlet : FrameworkServlet 'dispatcherServlet': initialization completed in 19 ms 
2018:12:05 11:13:48.548 INFO  --- [http-nio-8080-exec-1] jdbc.resultsettable : 
|---|-----|--------|--------|-------|----------------|---------|-----|-------|
|id |name |price   |image   |detail |delivery_charge |hitcount |size |color  |
|---|-----|--------|--------|-------|----------------|---------|-----|-------|
|1  |나이키  |100000  |ho1.jpg |보기     |2500            |0        |     |[null] |
|2  |나이키  |5000    |ho2.jpg |보기     |2500            |0        |     |[null] |
|3  |나이키  |2525211 |ho1.jpg |보기     |2500            |0        |     |[null] |
|---|-----|--------|--------|-------|----------------|---------|-----|-------|
 
2018:12:05 11:13:49.824 INFO  --- [http-nio-8080-exec-6] jdbc.resultsettable : 
|---|-----|-------|--------|-------|----------------|---------|-----|-------|
|id |name |price  |image   |detail |delivery_charge |hitcount |size |color  |
|---|-----|-------|--------|-------|----------------|---------|-----|-------|
|1  |나이키  |100000 |ho1.jpg |보기     |2500            |0        |     |[null] |
|---|-----|-------|--------|-------|----------------|---------|-----|-------|
 
2018:12:05 11:13:54.253 INFO  --- [http-nio-8080-exec-5] jdbc.resultsettable : 
|--------------|---|-----|------|------|
|email         |id |size |color |count |
|--------------|---|-----|------|------|
|test@test.com |1  |M    |black |5     |
|--------------|---|-----|------|------|
 
2018:12:05 11:13:54.256 INFO  --- [http-nio-8080-exec-5] jdbc.resultsettable : 
|--------------|---|-----|------|------|
|email         |id |size |color |count |
|--------------|---|-----|------|------|
|test@test.com |1  |M    |black |5     |
|--------------|---|-----|------|------|
 
2018:12:05 11:13:54.260 INFO  --- [http-nio-8080-exec-5] jdbc.resultsettable : 
|---|-----|-------|--------|-------|----------------|---------|-----|-------|
|id |name |price  |image   |detail |delivery_charge |hitcount |size |color  |
|---|-----|-------|--------|-------|----------------|---------|-----|-------|
|1  |나이키  |100000 |ho1.jpg |보기     |2500            |0        |     |[null] |
|---|-----|-------|--------|-------|----------------|---------|-----|-------|
 
2018:12:05 11:15:37.451 INFO  --- [RMI TCP Connection(2)-127.0.0.1] o.s.b.a.SpringApplicationAdminMXBeanRegistrar$SpringApplicationAdmin : Application shutdown requested. 
2018:12:05 11:15:37.452 INFO  --- [RMI TCP Connection(2)-127.0.0.1] o.s.b.c.e.AnnotationConfigEmbeddedWebApplicationContext : Closing org.springframework.boot.context.embedded.AnnotationConfigEmbeddedWebApplicationContext@399f45b1: startup date [Wed Dec 05 11:13:05 KST 2018]; root of context hierarchy 
2018:12:05 11:15:37.455 INFO  --- [RMI TCP Connection(2)-127.0.0.1] o.s.j.e.a.AnnotationMBeanExporter : Unregistering JMX-exposed beans on shutdown 
2018:12:05 11:18:23.773 INFO  --- [main] c.e.demo.SpringVueMallApplication : Starting SpringVueMallApplication on co1 with PID 11240 (C:\Users\TopC290\Documents\SONG\Spring\Project\project_Mall\target\classes started by TopC290 in C:\Users\TopC290\Documents\SONG\Spring\Project\project_Mall) 
2018:12:05 11:18:23.778 INFO  --- [main] c.e.demo.SpringVueMallApplication : No active profile set, falling back to default profiles: default 
2018:12:05 11:18:23.962 INFO  --- [main] o.s.b.c.e.AnnotationConfigEmbeddedWebApplicationContext : Refreshing org.springframework.boot.context.embedded.AnnotationConfigEmbeddedWebApplicationContext@399f45b1: startup date [Wed Dec 05 11:18:23 KST 2018]; root of context hierarchy 
2018:12:05 11:18:25.122 INFO  --- [main] o.s.b.c.e.t.TomcatEmbeddedServletContainer : Tomcat initialized with port(s): 8080 (http) 
2018:12:05 11:18:25.144 INFO  --- [main] o.a.catalina.core.StandardService : Starting service [Tomcat] 
2018:12:05 11:18:25.144 INFO  --- [main] o.a.catalina.core.StandardEngine : Starting Servlet Engine: Apache Tomcat/8.5.34 
2018:12:05 11:18:25.247 INFO  --- [localhost-startStop-1] o.a.c.c.C.[Tomcat].[localhost].[/] : Initializing Spring embedded WebApplicationContext 
2018:12:05 11:18:25.248 INFO  --- [localhost-startStop-1] o.s.web.context.ContextLoader : Root WebApplicationContext: initialization completed in 1286 ms 
2018:12:05 11:18:25.396 INFO  --- [localhost-startStop-1] o.s.b.w.s.ServletRegistrationBean : Mapping servlet: 'dispatcherServlet' to [/] 
2018:12:05 11:18:25.397 INFO  --- [localhost-startStop-1] o.s.b.w.s.ServletRegistrationBean : Mapping servlet: 'webServlet' to [/h2-console/*] 
2018:12:05 11:18:25.400 INFO  --- [localhost-startStop-1] o.s.b.w.s.FilterRegistrationBean : Mapping filter: 'characterEncodingFilter' to: [/*] 
2018:12:05 11:18:25.401 INFO  --- [localhost-startStop-1] o.s.b.w.s.FilterRegistrationBean : Mapping filter: 'hiddenHttpMethodFilter' to: [/*] 
2018:12:05 11:18:25.402 INFO  --- [localhost-startStop-1] o.s.b.w.s.FilterRegistrationBean : Mapping filter: 'httpPutFormContentFilter' to: [/*] 
2018:12:05 11:18:25.403 INFO  --- [localhost-startStop-1] o.s.b.w.s.FilterRegistrationBean : Mapping filter: 'requestContextFilter' to: [/*] 
2018:12:05 11:18:25.811 INFO  --- [main] o.s.j.datasource.init.ScriptUtils : Executing SQL script from URL [file:/C:/Users/TopC290/Documents/SONG/Spring/Project/project_Mall/target/classes/schema.sql] 
2018:12:05 11:18:25.853 INFO  --- [main] o.s.j.datasource.init.ScriptUtils : Executed SQL script from URL [file:/C:/Users/TopC290/Documents/SONG/Spring/Project/project_Mall/target/classes/schema.sql] in 41 ms. 
2018:12:05 11:18:25.857 INFO  --- [main] o.s.j.datasource.init.ScriptUtils : Executing SQL script from URL [file:/C:/Users/TopC290/Documents/SONG/Spring/Project/project_Mall/target/classes/data.sql] 
2018:12:05 11:18:25.882 INFO  --- [main] o.s.j.datasource.init.ScriptUtils : Executed SQL script from URL [file:/C:/Users/TopC290/Documents/SONG/Spring/Project/project_Mall/target/classes/data.sql] in 25 ms. 
2018:12:05 11:18:26.326 INFO  --- [main] o.s.w.s.m.m.a.RequestMappingHandlerAdapter : Looking for @ControllerAdvice: org.springframework.boot.context.embedded.AnnotationConfigEmbeddedWebApplicationContext@399f45b1: startup date [Wed Dec 05 11:18:23 KST 2018]; root of context hierarchy 
2018:12:05 11:18:26.385 INFO  --- [main] o.s.w.s.m.m.a.RequestMappingHandlerMapping : Mapped "{[/cart],methods=[POST]}" onto public java.lang.Object com.example.demo.controller.CartController.postCart(com.example.demo.dto.Cart) 
2018:12:05 11:18:26.387 INFO  --- [main] o.s.w.s.m.m.a.RequestMappingHandlerMapping : Mapped "{[/cart],methods=[GET]}" onto public java.lang.Object com.example.demo.controller.CartController.getCart(java.lang.String) 
2018:12:05 11:18:26.388 INFO  --- [main] o.s.w.s.m.m.a.RequestMappingHandlerMapping : Mapped "{[/cart],methods=[DELETE]}" onto public void com.example.demo.controller.CartController.deleteCart(com.example.demo.dto.Cart) 
2018:12:05 11:18:26.389 INFO  --- [main] o.s.w.s.m.m.a.RequestMappingHandlerMapping : Mapped "{[/login],methods=[POST]}" onto public java.lang.Object com.example.demo.controller.LoginController.postLogin(com.example.demo.dto.User) 
2018:12:05 11:18:26.390 INFO  --- [main] o.s.w.s.m.m.a.RequestMappingHandlerMapping : Mapped "{[/order],methods=[POST]}" onto public java.lang.Object com.example.demo.controller.OrderController.postOrder() 
2018:12:05 11:18:26.391 INFO  --- [main] o.s.w.s.m.m.a.RequestMappingHandlerMapping : Mapped "{[/product],methods=[GET]}" onto public java.lang.Object com.example.demo.controller.ProductController.postSearch(int) 
2018:12:05 11:18:26.392 INFO  --- [main] o.s.w.s.m.m.a.RequestMappingHandlerMapping : Mapped "{[/search],methods=[GET]}" onto public java.lang.Object com.example.demo.controller.SearchController.postSearch(java.lang.String) 
2018:12:05 11:18:26.393 INFO  --- [main] o.s.w.s.m.m.a.RequestMappingHandlerMapping : Mapped "{[/signup],methods=[GET]}" onto public java.lang.Object com.example.demo.controller.SignupController.isValidAccount(java.lang.String) 
2018:12:05 11:18:26.394 INFO  --- [main] o.s.w.s.m.m.a.RequestMappingHandlerMapping : Mapped "{[/signup],methods=[POST]}" onto public java.lang.Object com.example.demo.controller.SignupController.postSingup(com.example.demo.dto.User,javax.servlet.http.HttpSession,org.springframework.ui.Model) 
2018:12:05 11:18:26.396 INFO  --- [main] o.s.w.s.m.m.a.RequestMappingHandlerMapping : Mapped "{[/error]}" onto public org.springframework.http.ResponseEntity<java.util.Map<java.lang.String, java.lang.Object>> org.springframework.boot.autoconfigure.web.BasicErrorController.error(javax.servlet.http.HttpServletRequest) 
2018:12:05 11:18:26.397 INFO  --- [main] o.s.w.s.m.m.a.RequestMappingHandlerMapping : Mapped "{[/error],produces=[text/html]}" onto public org.springframework.web.servlet.ModelAndView org.springframework.boot.autoconfigure.web.BasicErrorController.errorHtml(javax.servlet.http.HttpServletRequest,javax.servlet.http.HttpServletResponse) 
2018:12:05 11:18:26.432 INFO  --- [main] o.s.w.s.h.SimpleUrlHandlerMapping : Mapped URL path [/webjars/**] onto handler of type [class org.springframework.web.servlet.resource.ResourceHttpRequestHandler] 
2018:12:05 11:18:26.432 INFO  --- [main] o.s.w.s.h.SimpleUrlHandlerMapping : Mapped URL path [/**] onto handler of type [class org.springframework.web.servlet.resource.ResourceHttpRequestHandler] 
2018:12:05 11:18:26.490 INFO  --- [main] o.s.w.s.h.SimpleUrlHandlerMapping : Mapped URL path [/**/favicon.ico] onto handler of type [class org.springframework.web.servlet.resource.ResourceHttpRequestHandler] 
2018:12:05 11:18:26.525 WARN  --- [main] o.s.b.a.t.AbstractTemplateResolverConfiguration : Cannot find template location: classpath:/templates/ (please add some templates or check your Thymeleaf configuration) 
2018:12:05 11:18:26.843 INFO  --- [main] o.s.b.a.w.WebMvcAutoConfiguration$WelcomePageHandlerMapping : Adding welcome page: class path resource [static/index.html] 
2018:12:05 11:18:27.041 INFO  --- [main] o.s.j.e.a.AnnotationMBeanExporter : Registering beans for JMX exposure on startup 
2018:12:05 11:18:27.078 INFO  --- [main] o.s.b.c.e.t.TomcatEmbeddedServletContainer : Tomcat started on port(s): 8080 (http) 
2018:12:05 11:18:27.082 INFO  --- [main] c.e.demo.SpringVueMallApplication : Started SpringVueMallApplication in 3.672 seconds (JVM running for 4.469) 
2018:12:05 11:18:51.497 INFO  --- [http-nio-8080-exec-1] o.a.c.c.C.[Tomcat].[localhost].[/] : Initializing Spring FrameworkServlet 'dispatcherServlet' 
2018:12:05 11:18:51.499 INFO  --- [http-nio-8080-exec-1] o.s.web.servlet.DispatcherServlet : FrameworkServlet 'dispatcherServlet': initialization started 
2018:12:05 11:18:51.520 INFO  --- [http-nio-8080-exec-1] o.s.web.servlet.DispatcherServlet : FrameworkServlet 'dispatcherServlet': initialization completed in 20 ms 
2018:12:05 11:18:51.809 WARN  --- [http-nio-8080-exec-1] o.s.w.s.m.s.DefaultHandlerExceptionResolver : Resolved [org.springframework.web.bind.MissingServletRequestParameterException: Required String parameter 'id' is not present] 
2018:12:05 11:19:02.554 INFO  --- [http-nio-8080-exec-3] jdbc.resultsettable : 
|---|-----|--------|--------|-------|----------------|---------|-----|-------|
|id |name |price   |image   |detail |delivery_charge |hitcount |size |color  |
|---|-----|--------|--------|-------|----------------|---------|-----|-------|
|1  |나이키  |100000  |ho1.jpg |보기     |2500            |0        |     |[null] |
|2  |나이키  |5000    |ho2.jpg |보기     |2500            |0        |     |[null] |
|3  |나이키  |2525211 |ho1.jpg |보기     |2500            |0        |     |[null] |
|---|-----|--------|--------|-------|----------------|---------|-----|-------|
 
2018:12:05 11:19:03.650 INFO  --- [http-nio-8080-exec-5] jdbc.resultsettable : 
|---|-----|-------|--------|-------|----------------|---------|-----|-------|
|id |name |price  |image   |detail |delivery_charge |hitcount |size |color  |
|---|-----|-------|--------|-------|----------------|---------|-----|-------|
|1  |나이키  |100000 |ho1.jpg |보기     |2500            |0        |     |[null] |
|---|-----|-------|--------|-------|----------------|---------|-----|-------|
 
2018:12:05 11:19:09.972 INFO  --- [http-nio-8080-exec-8] jdbc.resultsettable : 
|--------------|---|-----|------|------|
|email         |id |size |color |count |
|--------------|---|-----|------|------|
|test@test.com |1  |M    |black |3     |
|--------------|---|-----|------|------|
 
2018:12:05 11:19:09.975 INFO  --- [http-nio-8080-exec-8] jdbc.resultsettable : 
|--------------|---|-----|------|------|
|email         |id |size |color |count |
|--------------|---|-----|------|------|
|test@test.com |1  |M    |black |3     |
|--------------|---|-----|------|------|
 
2018:12:05 11:19:09.979 INFO  --- [http-nio-8080-exec-8] jdbc.resultsettable : 
|---|-----|-------|--------|-------|----------------|---------|-----|-------|
|id |name |price  |image   |detail |delivery_charge |hitcount |size |color  |
|---|-----|-------|--------|-------|----------------|---------|-----|-------|
|1  |나이키  |100000 |ho1.jpg |보기     |2500            |0        |     |[null] |
|---|-----|-------|--------|-------|----------------|---------|-----|-------|
 
2018:12:05 11:24:14.047 INFO  --- [RMI TCP Connection(2)-127.0.0.1] o.s.b.a.SpringApplicationAdminMXBeanRegistrar$SpringApplicationAdmin : Application shutdown requested. 
2018:12:05 11:24:14.048 INFO  --- [RMI TCP Connection(2)-127.0.0.1] o.s.b.c.e.AnnotationConfigEmbeddedWebApplicationContext : Closing org.springframework.boot.context.embedded.AnnotationConfigEmbeddedWebApplicationContext@399f45b1: startup date [Wed Dec 05 11:18:23 KST 2018]; root of context hierarchy 
2018:12:05 11:24:14.051 INFO  --- [RMI TCP Connection(2)-127.0.0.1] o.s.j.e.a.AnnotationMBeanExporter : Unregistering JMX-exposed beans on shutdown 
