2018:12:10 10:14:08.023 INFO  --- [main] c.e.demo.SpringVueMallApplication : Starting SpringVueMallApplication on co1 with PID 13880 (C:\Users\TopC290\Documents\SONG\Spring\Project\project_Mall\target\classes started by TopC290 in C:\Users\TopC290\Documents\SONG\Spring\Project\project_Mall) 
2018:12:10 10:14:08.075 INFO  --- [main] c.e.demo.SpringVueMallApplication : No active profile set, falling back to default profiles: default 
2018:12:10 10:14:08.287 INFO  --- [main] o.s.b.c.e.AnnotationConfigEmbeddedWebApplicationContext : Refreshing org.springframework.boot.context.embedded.AnnotationConfigEmbeddedWebApplicationContext@399f45b1: startup date [Mon Dec 10 10:14:08 KST 2018]; root of context hierarchy 
2018:12:10 10:14:09.987 INFO  --- [main] o.s.b.c.e.t.TomcatEmbeddedServletContainer : Tomcat initialized with port(s): 8080 (http) 
2018:12:10 10:14:10.008 INFO  --- [main] o.a.catalina.core.StandardService : Starting service [Tomcat] 
2018:12:10 10:14:10.008 INFO  --- [main] o.a.catalina.core.StandardEngine : Starting Servlet Engine: Apache Tomcat/8.5.34 
2018:12:10 10:14:10.473 INFO  --- [localhost-startStop-1] o.a.c.c.C.[Tomcat].[localhost].[/] : Initializing Spring embedded WebApplicationContext 
2018:12:10 10:14:10.473 INFO  --- [localhost-startStop-1] o.s.web.context.ContextLoader : Root WebApplicationContext: initialization completed in 2186 ms 
2018:12:10 10:14:10.623 INFO  --- [localhost-startStop-1] o.s.b.w.s.ServletRegistrationBean : Mapping servlet: 'dispatcherServlet' to [/] 
2018:12:10 10:14:10.624 INFO  --- [localhost-startStop-1] o.s.b.w.s.ServletRegistrationBean : Mapping servlet: 'webServlet' to [/h2-console/*] 
2018:12:10 10:14:10.627 INFO  --- [localhost-startStop-1] o.s.b.w.s.FilterRegistrationBean : Mapping filter: 'characterEncodingFilter' to: [/*] 
2018:12:10 10:14:10.628 INFO  --- [localhost-startStop-1] o.s.b.w.s.FilterRegistrationBean : Mapping filter: 'hiddenHttpMethodFilter' to: [/*] 
2018:12:10 10:14:10.629 INFO  --- [localhost-startStop-1] o.s.b.w.s.FilterRegistrationBean : Mapping filter: 'httpPutFormContentFilter' to: [/*] 
2018:12:10 10:14:10.629 INFO  --- [localhost-startStop-1] o.s.b.w.s.FilterRegistrationBean : Mapping filter: 'requestContextFilter' to: [/*] 
2018:12:10 10:14:11.038 INFO  --- [main] o.s.j.datasource.init.ScriptUtils : Executing SQL script from URL [file:/C:/Users/TopC290/Documents/SONG/Spring/Project/project_Mall/target/classes/schema.sql] 
2018:12:10 10:14:11.068 INFO  --- [main] o.s.j.datasource.init.ScriptUtils : Executed SQL script from URL [file:/C:/Users/TopC290/Documents/SONG/Spring/Project/project_Mall/target/classes/schema.sql] in 29 ms. 
2018:12:10 10:14:11.071 INFO  --- [main] o.s.j.datasource.init.ScriptUtils : Executing SQL script from URL [file:/C:/Users/TopC290/Documents/SONG/Spring/Project/project_Mall/target/classes/data.sql] 
2018:12:10 10:14:11.093 INFO  --- [main] o.s.j.datasource.init.ScriptUtils : Executed SQL script from URL [file:/C:/Users/TopC290/Documents/SONG/Spring/Project/project_Mall/target/classes/data.sql] in 22 ms. 
2018:12:10 10:14:11.528 INFO  --- [main] o.s.w.s.m.m.a.RequestMappingHandlerAdapter : Looking for @ControllerAdvice: org.springframework.boot.context.embedded.AnnotationConfigEmbeddedWebApplicationContext@399f45b1: startup date [Mon Dec 10 10:14:08 KST 2018]; root of context hierarchy 
2018:12:10 10:14:11.588 INFO  --- [main] o.s.w.s.m.m.a.RequestMappingHandlerMapping : Mapped "{[/cart],methods=[DELETE]}" onto public void com.example.demo.controller.CartController.deleteCart(com.example.demo.dto.Cart) 
2018:12:10 10:14:11.590 INFO  --- [main] o.s.w.s.m.m.a.RequestMappingHandlerMapping : Mapped "{[/cart],methods=[GET]}" onto public java.lang.Object com.example.demo.controller.CartController.getCart(java.lang.String) 
2018:12:10 10:14:11.590 INFO  --- [main] o.s.w.s.m.m.a.RequestMappingHandlerMapping : Mapped "{[/cart],methods=[POST]}" onto public java.lang.Object com.example.demo.controller.CartController.postCart(com.example.demo.dto.Cart) 
2018:12:10 10:14:11.591 INFO  --- [main] o.s.w.s.m.m.a.RequestMappingHandlerMapping : Mapped "{[/login],methods=[POST]}" onto public java.lang.Object com.example.demo.controller.LoginController.postLogin(com.example.demo.dto.User) 
2018:12:10 10:14:11.592 INFO  --- [main] o.s.w.s.m.m.a.RequestMappingHandlerMapping : Mapped "{[/getproduct],methods=[GET]}" onto public java.lang.Object com.example.demo.controller.MainController.getMainProduct() 
2018:12:10 10:14:11.594 INFO  --- [main] o.s.w.s.m.m.a.RequestMappingHandlerMapping : Mapped "{[/order],methods=[POST]}" onto public java.lang.Object com.example.demo.controller.OrderController.postOrder() 
2018:12:10 10:14:11.594 INFO  --- [main] o.s.w.s.m.m.a.RequestMappingHandlerMapping : Mapped "{[/product],methods=[GET]}" onto public java.lang.Object com.example.demo.controller.ProductController.postSearch(int) 
2018:12:10 10:14:11.595 INFO  --- [main] o.s.w.s.m.m.a.RequestMappingHandlerMapping : Mapped "{[/search],methods=[GET]}" onto public java.lang.Object com.example.demo.controller.SearchController.postSearch(java.lang.String) 
2018:12:10 10:14:11.597 INFO  --- [main] o.s.w.s.m.m.a.RequestMappingHandlerMapping : Mapped "{[/signup],methods=[GET]}" onto public java.lang.Object com.example.demo.controller.SignupController.isValidAccount(java.lang.String) 
2018:12:10 10:14:11.597 INFO  --- [main] o.s.w.s.m.m.a.RequestMappingHandlerMapping : Mapped "{[/signup],methods=[POST]}" onto public java.lang.Object com.example.demo.controller.SignupController.postSingup(com.example.demo.dto.User,javax.servlet.http.HttpSession,org.springframework.ui.Model) 
2018:12:10 10:14:11.600 INFO  --- [main] o.s.w.s.m.m.a.RequestMappingHandlerMapping : Mapped "{[/error]}" onto public org.springframework.http.ResponseEntity<java.util.Map<java.lang.String, java.lang.Object>> org.springframework.boot.autoconfigure.web.BasicErrorController.error(javax.servlet.http.HttpServletRequest) 
2018:12:10 10:14:11.600 INFO  --- [main] o.s.w.s.m.m.a.RequestMappingHandlerMapping : Mapped "{[/error],produces=[text/html]}" onto public org.springframework.web.servlet.ModelAndView org.springframework.boot.autoconfigure.web.BasicErrorController.errorHtml(javax.servlet.http.HttpServletRequest,javax.servlet.http.HttpServletResponse) 
2018:12:10 10:14:11.633 INFO  --- [main] o.s.w.s.h.SimpleUrlHandlerMapping : Mapped URL path [/webjars/**] onto handler of type [class org.springframework.web.servlet.resource.ResourceHttpRequestHandler] 
2018:12:10 10:14:11.634 INFO  --- [main] o.s.w.s.h.SimpleUrlHandlerMapping : Mapped URL path [/**] onto handler of type [class org.springframework.web.servlet.resource.ResourceHttpRequestHandler] 
2018:12:10 10:14:11.689 INFO  --- [main] o.s.w.s.h.SimpleUrlHandlerMapping : Mapped URL path [/**/favicon.ico] onto handler of type [class org.springframework.web.servlet.resource.ResourceHttpRequestHandler] 
2018:12:10 10:14:11.721 WARN  --- [main] o.s.b.a.t.AbstractTemplateResolverConfiguration : Cannot find template location: classpath:/templates/ (please add some templates or check your Thymeleaf configuration) 
2018:12:10 10:14:12.062 INFO  --- [main] o.s.b.a.w.WebMvcAutoConfiguration$WelcomePageHandlerMapping : Adding welcome page: class path resource [static/index.html] 
2018:12:10 10:14:12.264 INFO  --- [main] o.s.j.e.a.AnnotationMBeanExporter : Registering beans for JMX exposure on startup 
2018:12:10 10:14:12.303 INFO  --- [main] o.s.b.c.e.t.TomcatEmbeddedServletContainer : Tomcat started on port(s): 8080 (http) 
2018:12:10 10:14:12.308 INFO  --- [main] c.e.demo.SpringVueMallApplication : Started SpringVueMallApplication in 4.679 seconds (JVM running for 6.052) 
2018:12:10 10:14:25.284 INFO  --- [RMI TCP Connection(2)-127.0.0.1] o.s.b.a.SpringApplicationAdminMXBeanRegistrar$SpringApplicationAdmin : Application shutdown requested. 
2018:12:10 10:14:25.286 INFO  --- [RMI TCP Connection(2)-127.0.0.1] o.s.b.c.e.AnnotationConfigEmbeddedWebApplicationContext : Closing org.springframework.boot.context.embedded.AnnotationConfigEmbeddedWebApplicationContext@399f45b1: startup date [Mon Dec 10 10:14:08 KST 2018]; root of context hierarchy 
2018:12:10 10:14:25.294 INFO  --- [RMI TCP Connection(2)-127.0.0.1] o.s.j.e.a.AnnotationMBeanExporter : Unregistering JMX-exposed beans on shutdown 
